2020-06-11 17:44:35,155 - D:/python Projects/SophomoreProjects/voice_assistant/GUI.py[line:777] - INFO: **************************************开始记录**************************************
2020-06-11 17:45:04,901 - D:/python Projects/SophomoreProjects/voice_assistant/GUI.py[line:179] - INFO: appkey = VNSQETOK5RRVSeRH
2020-06-11 17:45:04,902 - D:/python Projects/SophomoreProjects/voice_assistant/GUI.py[line:180] - INFO: token = 5ed6c3da81644f6cbd16927679ef3a85
2020-06-11 17:45:04,902 - D:/python Projects/SophomoreProjects/voice_assistant/GUI.py[line:181] - INFO: speech_rate = -100
2020-06-11 17:45:04,902 - D:/python Projects/SophomoreProjects/voice_assistant/GUI.py[line:182] - INFO: volume = 100
2020-06-11 17:45:04,902 - D:/python Projects/SophomoreProjects/voice_assistant/GUI.py[line:183] - INFO: file_name = AUDIO_2020611_17454_
2020-06-11 17:45:04,902 - D:/python Projects/SophomoreProjects/voice_assistant/GUI.py[line:184] - INFO: text = 是这样的，欠款相关的情况呢，可以在您的支付宝查看，您记得处理一下这个事情。
2020-06-11 17:45:04,902 - D:/python Projects/SophomoreProjects/voice_assistant/GUI.py[line:185] - INFO: format = mp3
2020-06-11 17:45:04,902 - D:/python Projects/SophomoreProjects/voice_assistant/GUI.py[line:186] - INFO: voice = 艾夏__Aixia
2020-06-11 17:45:04,902 - D:/python Projects/SophomoreProjects/voice_assistant/GUI.py[line:187] - INFO: 参数填写完毕
2020-06-11 17:45:04,906 - C:\Users\22833\AppData\Local\Programs\Python\Python35\lib\site-packages\urllib3\connectionpool.py[line:813] - DEBUG: Starting new HTTPS connection (1): www.baidu.com:443
2020-06-11 17:45:06,200 - C:\Users\22833\AppData\Local\Programs\Python\Python35\lib\site-packages\urllib3\connectionpool.py[line:393] - DEBUG: https://www.baidu.com:443 "GET / HTTP/1.1" 200 None
2020-06-11 17:45:06,203 - C:\Users\22833\AppData\Local\Programs\Python\Python35\lib\site-packages\urllib3\connectionpool.py[line:813] - DEBUG: Starting new HTTPS connection (1): nls-gateway.cn-shanghai.aliyuncs.com:443
2020-06-11 17:45:06,511 - C:\Users\22833\AppData\Local\Programs\Python\Python35\lib\site-packages\urllib3\connectionpool.py[line:393] - DEBUG: https://nls-gateway.cn-shanghai.aliyuncs.com:443 "GET /stream/v1/tts?appkey=VNSQETOK5RRVSeRH&token=5ed6c3da81644f6cbd16927679ef3a85&text=%E4%BD%A0%E5%A5%BD HTTP/1.1" 200 22720
2020-06-11 17:45:06,552 - C:\Users\22833\AppData\Local\Programs\Python\Python35\lib\site-packages\urllib3\connectionpool.py[line:813] - DEBUG: Starting new HTTPS connection (1): nls-gateway.cn-shanghai.aliyuncs.com:443
2020-06-11 17:45:08,606 - C:\Users\22833\AppData\Local\Programs\Python\Python35\lib\site-packages\urllib3\connectionpool.py[line:393] - DEBUG: https://nls-gateway.cn-shanghai.aliyuncs.com:443 "GET /stream/v1/tts?appkey=VNSQETOK5RRVSeRH&token=5ed6c3da81644f6cbd16927679ef3a85&format=mp3&voice=Aixia&speech_rate=-100&volume=100&text=%E6%98%AF%E8%BF%99%E6%A0%B7%E7%9A%84%EF%BC%8C%E6%AC%A0%E6%AC%BE%E7%9B%B8%E5%85%B3%E7%9A%84%E6%83%85%E5%86%B5%E5%91%A2%EF%BC%8C%E5%8F%AF%E4%BB%A5%E5%9C%A8%E6%82%A8%E7%9A%84%E6%94%AF%E4%BB%98%E5%AE%9D%E6%9F%A5%E7%9C%8B%EF%BC%8C%E6%82%A8%E8%AE%B0%E5%BE%97%E5%A4%84%E7%90%86%E4%B8%80%E4%B8%8B%E8%BF%99%E4%B8%AA%E4%BA%8B%E6%83%85%E3%80%82 HTTP/1.1" 200 24768
2020-06-11 17:45:08,608 - D:\python Projects\SophomoreProjects\voice_assistant\voiceComposeByUrl.py[line:21] - INFO: 状态码: 200
2020-06-11 17:45:08,609 - D:\python Projects\SophomoreProjects\voice_assistant\voiceComposeByUrl.py[line:34] - INFO: 正在下载:AUDIO_2020611_17454_0.mp3

2020-06-11 17:45:10,220 - D:\python Projects\SophomoreProjects\voice_assistant\voiceComposeByUrl.py[line:36] - INFO: AUDIO_2020611_17454_0.mp3下载完成!!!!!!!!!
2020-06-11 17:45:10,220 - D:/python Projects/SophomoreProjects/voice_assistant/GUI.py[line:138] - INFO: success
2020-06-11 17:45:11,703 - D:/python Projects/SophomoreProjects/voice_assistant/GUI.py[line:150] - INFO: 音频合成成功
2020-06-11 18:34:07,332 - D:/python Projects/SophomoreProjects/voice_assistant/GUI.py[line:817] - INFO: **************************************开始记录**************************************
2020-06-11 18:35:09,111 - D:/python Projects/SophomoreProjects/voice_assistant/GUI.py[line:180] - INFO: appkey = VNSQETOK5RRVSeRH
2020-06-11 18:35:09,111 - D:/python Projects/SophomoreProjects/voice_assistant/GUI.py[line:181] - INFO: token = 5ed6c3da81644f6cbd16927679ef3a85
2020-06-11 18:35:09,111 - D:/python Projects/SophomoreProjects/voice_assistant/GUI.py[line:182] - INFO: speech_rate = -100
2020-06-11 18:35:09,111 - D:/python Projects/SophomoreProjects/voice_assistant/GUI.py[line:183] - INFO: volume = 100
2020-06-11 18:35:09,112 - D:/python Projects/SophomoreProjects/voice_assistant/GUI.py[line:184] - INFO: file_name = AUDIO_2020611_18359_
2020-06-11 18:35:09,112 - D:/python Projects/SophomoreProjects/voice_assistant/GUI.py[line:185] - INFO: text = 是这样的，欠款相关的情况呢，可以在您的支付宝查看，您记得处理一下这个事情。
2020-06-11 18:35:09,112 - D:/python Projects/SophomoreProjects/voice_assistant/GUI.py[line:186] - INFO: format = wav
2020-06-11 18:35:09,112 - D:/python Projects/SophomoreProjects/voice_assistant/GUI.py[line:187] - INFO: voice = 艾美__Aimei
2020-06-11 18:35:09,112 - D:/python Projects/SophomoreProjects/voice_assistant/GUI.py[line:188] - INFO: 参数填写完毕
2020-06-11 18:35:09,113 - D:/python Projects/SophomoreProjects/voice_assistant/GUI.py[line:190] - INFO: 写入json文件信息成功
2020-06-11 18:35:09,116 - C:\Users\22833\AppData\Local\Programs\Python\Python35\lib\site-packages\urllib3\connectionpool.py[line:813] - DEBUG: Starting new HTTPS connection (1): www.baidu.com:443
2020-06-11 18:35:10,396 - C:\Users\22833\AppData\Local\Programs\Python\Python35\lib\site-packages\urllib3\connectionpool.py[line:393] - DEBUG: https://www.baidu.com:443 "GET / HTTP/1.1" 200 None
2020-06-11 18:35:10,399 - C:\Users\22833\AppData\Local\Programs\Python\Python35\lib\site-packages\urllib3\connectionpool.py[line:813] - DEBUG: Starting new HTTPS connection (1): nls-gateway.cn-shanghai.aliyuncs.com:443
2020-06-11 18:35:10,744 - C:\Users\22833\AppData\Local\Programs\Python\Python35\lib\site-packages\urllib3\connectionpool.py[line:393] - DEBUG: https://nls-gateway.cn-shanghai.aliyuncs.com:443 "GET /stream/v1/tts?appkey=VNSQETOK5RRVSeRH&token=5ed6c3da81644f6cbd16927679ef3a85&text=%E4%BD%A0%E5%A5%BD HTTP/1.1" 200 22720
2020-06-11 18:35:10,747 - C:\Users\22833\AppData\Local\Programs\Python\Python35\lib\site-packages\urllib3\connectionpool.py[line:813] - DEBUG: Starting new HTTPS connection (1): nls-gateway.cn-shanghai.aliyuncs.com:443
2020-06-11 18:35:12,536 - C:\Users\22833\AppData\Local\Programs\Python\Python35\lib\site-packages\urllib3\connectionpool.py[line:393] - DEBUG: https://nls-gateway.cn-shanghai.aliyuncs.com:443 "GET /stream/v1/tts?appkey=VNSQETOK5RRVSeRH&token=5ed6c3da81644f6cbd16927679ef3a85&format=wav&voice=Aimei&speech_rate=-100&volume=100&text=%E6%98%AF%E8%BF%99%E6%A0%B7%E7%9A%84%EF%BC%8C%E6%AC%A0%E6%AC%BE%E7%9B%B8%E5%85%B3%E7%9A%84%E6%83%85%E5%86%B5%E5%91%A2%EF%BC%8C%E5%8F%AF%E4%BB%A5%E5%9C%A8%E6%82%A8%E7%9A%84%E6%94%AF%E4%BB%98%E5%AE%9D%E6%9F%A5%E7%9C%8B%EF%BC%8C%E6%82%A8%E8%AE%B0%E5%BE%97%E5%A4%84%E7%90%86%E4%B8%80%E4%B8%8B%E8%BF%99%E4%B8%AA%E4%BA%8B%E6%83%85%E3%80%82 HTTP/1.1" 200 219246
2020-06-11 18:35:13,067 - D:\python Projects\SophomoreProjects\voice_assistant\voiceComposeByUrl.py[line:21] - INFO: 状态码: 200
2020-06-11 18:35:13,067 - D:\python Projects\SophomoreProjects\voice_assistant\voiceComposeByUrl.py[line:34] - INFO: 正在下载:AUDIO_2020611_18359_0.mp3

2020-06-11 18:35:15,695 - D:\python Projects\SophomoreProjects\voice_assistant\voiceComposeByUrl.py[line:36] - INFO: AUDIO_2020611_18359_0.mp3下载完成!!!!!!!!!
2020-06-11 18:35:15,697 - D:/python Projects/SophomoreProjects/voice_assistant/GUI.py[line:139] - INFO: success
2020-06-11 18:35:20,267 - D:/python Projects/SophomoreProjects/voice_assistant/GUI.py[line:151] - INFO: 音频合成成功
2020-06-11 18:36:24,133 - D:/python Projects/SophomoreProjects/voice_assistant/GUI.py[line:817] - INFO: **************************************开始记录**************************************
2020-06-11 18:37:57,987 - D:/python Projects/SophomoreProjects/voice_assistant/GUI.py[line:817] - INFO: **************************************开始记录**************************************
2020-06-11 18:42:48,833 - D:/python Projects/SophomoreProjects/voice_assistant/GUI.py[line:817] - INFO: **************************************开始记录**************************************
2020-06-11 18:42:49,277 - D:/python Projects/SophomoreProjects/voice_assistant/GUI.py[line:288] - INFO: 读取json语音合成历史信息成功
2020-06-11 18:44:06,726 - D:/python Projects/SophomoreProjects/voice_assistant/GUI.py[line:817] - INFO: **************************************开始记录**************************************
2020-06-11 18:44:07,139 - D:/python Projects/SophomoreProjects/voice_assistant/GUI.py[line:288] - INFO: 读取json语音合成历史信息成功
2020-06-11 18:47:34,119 - D:/python Projects/SophomoreProjects/voice_assistant/GUI.py[line:817] - INFO: **************************************开始记录**************************************
2020-06-11 18:47:34,563 - D:/python Projects/SophomoreProjects/voice_assistant/GUI.py[line:288] - INFO: 读取json语音合成历史信息成功
2020-06-11 18:47:48,928 - D:/python Projects/SophomoreProjects/voice_assistant/GUI.py[line:180] - INFO: appkey = VNSQETOK5RRVSeRH
2020-06-11 18:47:48,928 - D:/python Projects/SophomoreProjects/voice_assistant/GUI.py[line:181] - INFO: token = 5ed6c3da81644f6cbd16927679ef3a85
2020-06-11 18:47:48,929 - D:/python Projects/SophomoreProjects/voice_assistant/GUI.py[line:182] - INFO: speech_rate = -100
2020-06-11 18:47:48,929 - D:/python Projects/SophomoreProjects/voice_assistant/GUI.py[line:183] - INFO: volume = 100
2020-06-11 18:47:48,929 - D:/python Projects/SophomoreProjects/voice_assistant/GUI.py[line:184] - INFO: file_name = AUDIO_2020611_184748_
2020-06-11 18:47:48,929 - D:/python Projects/SophomoreProjects/voice_assistant/GUI.py[line:185] - INFO: text = 是这样的，欠款相关的情况呢，可以在您的支付宝查看，您记得处理一下这个事情。
2020-06-11 18:47:48,929 - D:/python Projects/SophomoreProjects/voice_assistant/GUI.py[line:186] - INFO: format = wav
2020-06-11 18:47:48,929 - D:/python Projects/SophomoreProjects/voice_assistant/GUI.py[line:187] - INFO: voice = 艾美__Aimei
2020-06-11 18:47:48,929 - D:/python Projects/SophomoreProjects/voice_assistant/GUI.py[line:188] - INFO: 参数填写完毕
2020-06-11 18:47:48,930 - D:/python Projects/SophomoreProjects/voice_assistant/GUI.py[line:190] - INFO: 写入json文件信息成功
2020-06-11 18:47:48,933 - C:\Users\22833\AppData\Local\Programs\Python\Python35\lib\site-packages\urllib3\connectionpool.py[line:813] - DEBUG: Starting new HTTPS connection (1): www.baidu.com:443
2020-06-11 18:47:50,269 - C:\Users\22833\AppData\Local\Programs\Python\Python35\lib\site-packages\urllib3\connectionpool.py[line:393] - DEBUG: https://www.baidu.com:443 "GET / HTTP/1.1" 200 None
2020-06-11 18:47:50,272 - C:\Users\22833\AppData\Local\Programs\Python\Python35\lib\site-packages\urllib3\connectionpool.py[line:813] - DEBUG: Starting new HTTPS connection (1): nls-gateway.cn-shanghai.aliyuncs.com:443
2020-06-11 18:47:50,588 - C:\Users\22833\AppData\Local\Programs\Python\Python35\lib\site-packages\urllib3\connectionpool.py[line:393] - DEBUG: https://nls-gateway.cn-shanghai.aliyuncs.com:443 "GET /stream/v1/tts?appkey=VNSQETOK5RRVSeRH&token=5ed6c3da81644f6cbd16927679ef3a85&text=%E4%BD%A0%E5%A5%BD HTTP/1.1" 200 22720
2020-06-11 18:47:50,592 - C:\Users\22833\AppData\Local\Programs\Python\Python35\lib\site-packages\urllib3\connectionpool.py[line:813] - DEBUG: Starting new HTTPS connection (1): nls-gateway.cn-shanghai.aliyuncs.com:443
2020-06-11 18:47:53,195 - C:\Users\22833\AppData\Local\Programs\Python\Python35\lib\site-packages\urllib3\connectionpool.py[line:393] - DEBUG: https://nls-gateway.cn-shanghai.aliyuncs.com:443 "GET /stream/v1/tts?appkey=VNSQETOK5RRVSeRH&token=5ed6c3da81644f6cbd16927679ef3a85&format=wav&voice=Aimei&speech_rate=-100&volume=100&text=%E6%98%AF%E8%BF%99%E6%A0%B7%E7%9A%84%EF%BC%8C%E6%AC%A0%E6%AC%BE%E7%9B%B8%E5%85%B3%E7%9A%84%E6%83%85%E5%86%B5%E5%91%A2%EF%BC%8C%E5%8F%AF%E4%BB%A5%E5%9C%A8%E6%82%A8%E7%9A%84%E6%94%AF%E4%BB%98%E5%AE%9D%E6%9F%A5%E7%9C%8B%EF%BC%8C%E6%82%A8%E8%AE%B0%E5%BE%97%E5%A4%84%E7%90%86%E4%B8%80%E4%B8%8B%E8%BF%99%E4%B8%AA%E4%BA%8B%E6%83%85%E3%80%82 HTTP/1.1" 200 219166
2020-06-11 18:47:53,752 - D:\python Projects\SophomoreProjects\voice_assistant\voiceComposeByUrl.py[line:21] - INFO: 状态码: 200
2020-06-11 18:47:53,752 - D:\python Projects\SophomoreProjects\voice_assistant\voiceComposeByUrl.py[line:34] - INFO: 正在下载:AUDIO_2020611_184748_0.wav

2020-06-11 18:47:56,166 - D:\python Projects\SophomoreProjects\voice_assistant\voiceComposeByUrl.py[line:36] - INFO: AUDIO_2020611_184748_0.wav下载完成!!!!!!!!!
2020-06-11 18:47:56,166 - D:/python Projects/SophomoreProjects/voice_assistant/GUI.py[line:139] - INFO: success
2020-06-11 18:47:57,177 - D:/python Projects/SophomoreProjects/voice_assistant/GUI.py[line:151] - INFO: 音频合成成功
2020-06-11 18:48:53,518 - D:/python Projects/SophomoreProjects/voice_assistant/GUI.py[line:180] - INFO: appkey = VNSQETOK5RRVSeRH
2020-06-11 18:48:53,519 - D:/python Projects/SophomoreProjects/voice_assistant/GUI.py[line:181] - INFO: token = 5ed6c3da81644f6cbd16927679ef3a85
2020-06-11 18:48:53,519 - D:/python Projects/SophomoreProjects/voice_assistant/GUI.py[line:182] - INFO: speech_rate = -100
2020-06-11 18:48:53,519 - D:/python Projects/SophomoreProjects/voice_assistant/GUI.py[line:183] - INFO: volume = 100
2020-06-11 18:48:53,519 - D:/python Projects/SophomoreProjects/voice_assistant/GUI.py[line:184] - INFO: file_name = AUDIO_2020611_184853_
2020-06-11 18:48:53,519 - D:/python Projects/SophomoreProjects/voice_assistant/GUI.py[line:185] - INFO: text = 是这样的，欠款相关的情况呢，可以在您的支付宝查看，您记得处理一下这个事情。
2020-06-11 18:48:53,519 - D:/python Projects/SophomoreProjects/voice_assistant/GUI.py[line:186] - INFO: format = mp3
2020-06-11 18:48:53,519 - D:/python Projects/SophomoreProjects/voice_assistant/GUI.py[line:187] - INFO: voice = 艾夏__Aixia
2020-06-11 18:48:53,519 - D:/python Projects/SophomoreProjects/voice_assistant/GUI.py[line:188] - INFO: 参数填写完毕
2020-06-11 18:48:53,520 - D:/python Projects/SophomoreProjects/voice_assistant/GUI.py[line:190] - INFO: 写入json文件信息成功
2020-06-11 18:48:53,521 - C:\Users\22833\AppData\Local\Programs\Python\Python35\lib\site-packages\urllib3\connectionpool.py[line:813] - DEBUG: Starting new HTTPS connection (1): www.baidu.com:443
2020-06-11 18:48:53,731 - C:\Users\22833\AppData\Local\Programs\Python\Python35\lib\site-packages\urllib3\connectionpool.py[line:393] - DEBUG: https://www.baidu.com:443 "GET / HTTP/1.1" 200 None
2020-06-11 18:48:53,737 - C:\Users\22833\AppData\Local\Programs\Python\Python35\lib\site-packages\urllib3\connectionpool.py[line:813] - DEBUG: Starting new HTTPS connection (1): nls-gateway.cn-shanghai.aliyuncs.com:443
2020-06-11 18:48:54,029 - C:\Users\22833\AppData\Local\Programs\Python\Python35\lib\site-packages\urllib3\connectionpool.py[line:393] - DEBUG: https://nls-gateway.cn-shanghai.aliyuncs.com:443 "GET /stream/v1/tts?appkey=VNSQETOK5RRVSeRH&token=5ed6c3da81644f6cbd16927679ef3a85&text=%E4%BD%A0%E5%A5%BD HTTP/1.1" 200 22720
2020-06-11 18:48:54,075 - C:\Users\22833\AppData\Local\Programs\Python\Python35\lib\site-packages\urllib3\connectionpool.py[line:813] - DEBUG: Starting new HTTPS connection (1): nls-gateway.cn-shanghai.aliyuncs.com:443
2020-06-11 18:48:55,815 - C:\Users\22833\AppData\Local\Programs\Python\Python35\lib\site-packages\urllib3\connectionpool.py[line:393] - DEBUG: https://nls-gateway.cn-shanghai.aliyuncs.com:443 "GET /stream/v1/tts?appkey=VNSQETOK5RRVSeRH&token=5ed6c3da81644f6cbd16927679ef3a85&format=mp3&voice=Aixia&speech_rate=-100&volume=100&text=%E6%98%AF%E8%BF%99%E6%A0%B7%E7%9A%84%EF%BC%8C%E6%AC%A0%E6%AC%BE%E7%9B%B8%E5%85%B3%E7%9A%84%E6%83%85%E5%86%B5%E5%91%A2%EF%BC%8C%E5%8F%AF%E4%BB%A5%E5%9C%A8%E6%82%A8%E7%9A%84%E6%94%AF%E4%BB%98%E5%AE%9D%E6%9F%A5%E7%9C%8B%EF%BC%8C%E6%82%A8%E8%AE%B0%E5%BE%97%E5%A4%84%E7%90%86%E4%B8%80%E4%B8%8B%E8%BF%99%E4%B8%AA%E4%BA%8B%E6%83%85%E3%80%82 HTTP/1.1" 200 24768
2020-06-11 18:48:55,862 - D:\python Projects\SophomoreProjects\voice_assistant\voiceComposeByUrl.py[line:21] - INFO: 状态码: 200
2020-06-11 18:48:55,862 - D:\python Projects\SophomoreProjects\voice_assistant\voiceComposeByUrl.py[line:34] - INFO: 正在下载:AUDIO_2020611_184853_0.mp3

2020-06-11 18:48:57,344 - D:\python Projects\SophomoreProjects\voice_assistant\voiceComposeByUrl.py[line:36] - INFO: AUDIO_2020611_184853_0.mp3下载完成!!!!!!!!!
2020-06-11 18:48:57,345 - D:/python Projects/SophomoreProjects/voice_assistant/GUI.py[line:139] - INFO: success
2020-06-11 18:48:58,997 - D:/python Projects/SophomoreProjects/voice_assistant/GUI.py[line:151] - INFO: 音频合成成功
2020-06-11 19:07:25,229 - D:/python Projects/SophomoreProjects/voice_assistant/GUI.py[line:817] - INFO: **************************************开始记录**************************************
2020-06-11 19:07:25,680 - D:/python Projects/SophomoreProjects/voice_assistant/GUI.py[line:288] - INFO: 读取json语音合成历史信息成功
2020-06-11 19:07:31,657 - D:/python Projects/SophomoreProjects/voice_assistant/GUI.py[line:817] - INFO: **************************************开始记录**************************************
2020-06-11 19:07:32,063 - D:/python Projects/SophomoreProjects/voice_assistant/GUI.py[line:288] - INFO: 读取json语音合成历史信息成功
2020-06-11 19:07:55,884 - D:/python Projects/SophomoreProjects/voice_assistant/GUI.py[line:817] - INFO: **************************************开始记录**************************************
2020-06-11 19:07:56,422 - D:/python Projects/SophomoreProjects/voice_assistant/GUI.py[line:288] - INFO: 读取json语音合成历史信息成功
2020-06-11 19:08:28,730 - D:/python Projects/SophomoreProjects/voice_assistant/GUI.py[line:817] - INFO: **************************************开始记录**************************************
2020-06-11 19:08:29,282 - D:/python Projects/SophomoreProjects/voice_assistant/GUI.py[line:288] - INFO: 读取json语音合成历史信息成功
2020-06-11 19:10:34,194 - D:/python Projects/SophomoreProjects/voice_assistant/GUI.py[line:817] - INFO: **************************************开始记录**************************************
2020-06-11 19:10:34,644 - D:/python Projects/SophomoreProjects/voice_assistant/GUI.py[line:288] - INFO: 读取json语音合成历史信息成功
2020-06-11 19:11:00,991 - D:/python Projects/SophomoreProjects/voice_assistant/GUI.py[line:817] - INFO: **************************************开始记录**************************************
2020-06-11 19:11:01,487 - D:/python Projects/SophomoreProjects/voice_assistant/GUI.py[line:288] - INFO: 读取json语音合成历史信息成功
2020-06-11 19:11:24,993 - D:/python Projects/SophomoreProjects/voice_assistant/GUI.py[line:817] - INFO: **************************************开始记录**************************************
2020-06-11 19:11:25,496 - D:/python Projects/SophomoreProjects/voice_assistant/GUI.py[line:288] - INFO: 读取json语音合成历史信息成功
2020-06-11 19:11:51,720 - D:/python Projects/SophomoreProjects/voice_assistant/GUI.py[line:817] - INFO: **************************************开始记录**************************************
2020-06-11 19:11:52,226 - D:/python Projects/SophomoreProjects/voice_assistant/GUI.py[line:288] - INFO: 读取json语音合成历史信息成功
2020-06-11 19:12:33,278 - D:/python Projects/SophomoreProjects/voice_assistant/GUI.py[line:817] - INFO: **************************************开始记录**************************************
2020-06-11 19:12:33,814 - D:/python Projects/SophomoreProjects/voice_assistant/GUI.py[line:288] - INFO: 读取json语音合成历史信息成功
2020-06-11 19:18:21,319 - D:/python Projects/SophomoreProjects/voice_assistant/GUI.py[line:817] - INFO: **************************************开始记录**************************************
2020-06-11 19:18:21,807 - D:/python Projects/SophomoreProjects/voice_assistant/GUI.py[line:288] - INFO: 读取json语音合成历史信息成功
2020-06-11 19:53:07,552 - D:/python Projects/SophomoreProjects/voice_assistant/GUI.py[line:817] - INFO: **************************************开始记录**************************************
2020-06-11 19:53:07,999 - D:/python Projects/SophomoreProjects/voice_assistant/GUI.py[line:288] - INFO: 读取json语音合成历史信息成功
2020-06-11 19:56:32,692 - D:/python Projects/SophomoreProjects/voice_assistant/GUI.py[line:817] - INFO: **************************************开始记录**************************************
2020-06-11 19:56:33,123 - D:/python Projects/SophomoreProjects/voice_assistant/GUI.py[line:288] - INFO: 读取json语音合成历史信息成功
2020-06-11 19:59:39,046 - D:/python Projects/SophomoreProjects/voice_assistant/GUI.py[line:817] - INFO: **************************************开始记录**************************************
2020-06-11 19:59:39,502 - D:/python Projects/SophomoreProjects/voice_assistant/GUI.py[line:288] - INFO: 读取json语音合成历史信息成功
2020-06-11 20:00:54,875 - D:/python Projects/SophomoreProjects/voice_assistant/GUI.py[line:817] - INFO: **************************************开始记录**************************************
2020-06-11 20:00:55,261 - D:/python Projects/SophomoreProjects/voice_assistant/GUI.py[line:288] - INFO: 读取json语音合成历史信息成功
2020-06-11 20:01:26,491 - D:/python Projects/SophomoreProjects/voice_assistant/GUI.py[line:817] - INFO: **************************************开始记录**************************************
2020-06-11 20:01:26,908 - D:/python Projects/SophomoreProjects/voice_assistant/GUI.py[line:288] - INFO: 读取json语音合成历史信息成功
2020-06-11 21:05:04,838 - D:/python Projects/SophomoreProjects/voice_assistant/GUI.py[line:818] - INFO: **************************************开始记录**************************************
2020-06-11 21:05:05,278 - D:/python Projects/SophomoreProjects/voice_assistant/GUI.py[line:288] - INFO: 读取json语音合成历史信息成功
2020-06-11 21:11:27,976 - D:/python Projects/SophomoreProjects/voice_assistant/GUI.py[line:817] - INFO: **************************************开始记录**************************************
2020-06-11 21:11:28,427 - D:/python Projects/SophomoreProjects/voice_assistant/GUI.py[line:288] - INFO: 读取json语音合成历史信息成功
2020-06-11 21:12:28,919 - D:/python Projects/SophomoreProjects/voice_assistant/GUI.py[line:817] - INFO: **************************************开始记录**************************************
2020-06-11 21:12:29,426 - D:/python Projects/SophomoreProjects/voice_assistant/GUI.py[line:288] - INFO: 读取json语音合成历史信息成功
2020-06-11 21:14:03,802 - D:/python Projects/SophomoreProjects/voice_assistant/GUI.py[line:817] - INFO: **************************************开始记录**************************************
2020-06-11 21:14:04,180 - D:/python Projects/SophomoreProjects/voice_assistant/GUI.py[line:288] - INFO: 读取json语音合成历史信息成功
2020-06-11 21:14:38,817 - D:/python Projects/SophomoreProjects/voice_assistant/GUI.py[line:817] - INFO: **************************************开始记录**************************************
2020-06-11 21:14:39,243 - D:/python Projects/SophomoreProjects/voice_assistant/GUI.py[line:288] - INFO: 读取json语音合成历史信息成功
2020-06-11 21:15:01,786 - D:/python Projects/SophomoreProjects/voice_assistant/GUI.py[line:817] - INFO: **************************************开始记录**************************************
2020-06-11 21:15:02,186 - D:/python Projects/SophomoreProjects/voice_assistant/GUI.py[line:288] - INFO: 读取json语音合成历史信息成功
2020-06-11 21:15:19,868 - D:/python Projects/SophomoreProjects/voice_assistant/GUI.py[line:811] - INFO: **************************************开始记录**************************************
2020-06-11 21:15:20,294 - D:/python Projects/SophomoreProjects/voice_assistant/GUI.py[line:288] - INFO: 读取json语音合成历史信息成功
2020-06-11 21:19:12,267 - D:/python Projects/SophomoreProjects/voice_assistant/GUI.py[line:818] - INFO: **************************************开始记录**************************************
2020-06-11 21:19:12,715 - D:/python Projects/SophomoreProjects/voice_assistant/GUI.py[line:288] - INFO: 读取json语音合成历史信息成功
2020-06-11 21:20:10,397 - D:/python Projects/SophomoreProjects/voice_assistant/GUI.py[line:819] - INFO: **************************************开始记录**************************************
2020-06-11 21:20:10,820 - D:/python Projects/SophomoreProjects/voice_assistant/GUI.py[line:288] - INFO: 读取json语音合成历史信息成功
2020-06-11 21:21:18,915 - D:/python Projects/SophomoreProjects/voice_assistant/GUI.py[line:821] - INFO: **************************************开始记录**************************************
2020-06-11 21:21:19,338 - D:/python Projects/SophomoreProjects/voice_assistant/GUI.py[line:288] - INFO: 读取json语音合成历史信息成功
2020-06-11 21:22:51,185 - D:/python Projects/SophomoreProjects/voice_assistant/GUI.py[line:821] - INFO: **************************************开始记录**************************************
2020-06-11 21:22:51,608 - D:/python Projects/SophomoreProjects/voice_assistant/GUI.py[line:288] - INFO: 读取json语音合成历史信息成功
2020-06-11 21:23:36,959 - D:/python Projects/SophomoreProjects/voice_assistant/GUI.py[line:821] - INFO: **************************************开始记录**************************************
2020-06-11 21:23:37,468 - D:/python Projects/SophomoreProjects/voice_assistant/GUI.py[line:288] - INFO: 读取json语音合成历史信息成功
2020-06-11 21:25:54,822 - D:/python Projects/SophomoreProjects/voice_assistant/GUI.py[line:825] - INFO: **************************************开始记录**************************************
2020-06-11 21:25:55,270 - D:/python Projects/SophomoreProjects/voice_assistant/GUI.py[line:288] - INFO: 读取json语音合成历史信息成功
2020-06-11 21:27:01,539 - D:/python Projects/SophomoreProjects/voice_assistant/GUI.py[line:825] - INFO: **************************************开始记录**************************************
2020-06-11 21:27:01,982 - D:/python Projects/SophomoreProjects/voice_assistant/GUI.py[line:288] - INFO: 读取json语音合成历史信息成功
2020-06-11 21:27:20,722 - D:/python Projects/SophomoreProjects/voice_assistant/GUI.py[line:825] - INFO: **************************************开始记录**************************************
2020-06-11 21:27:21,127 - D:/python Projects/SophomoreProjects/voice_assistant/GUI.py[line:288] - INFO: 读取json语音合成历史信息成功
2020-06-11 21:28:10,273 - D:/python Projects/SophomoreProjects/voice_assistant/GUI.py[line:825] - INFO: **************************************开始记录**************************************
2020-06-11 21:28:10,674 - D:/python Projects/SophomoreProjects/voice_assistant/GUI.py[line:288] - INFO: 读取json语音合成历史信息成功
2020-06-11 22:06:19,840 - C:\Users\22833\AppData\Local\Programs\Python\Python35\lib\site-packages\urllib3\connectionpool.py[line:813] - DEBUG: Starting new HTTPS connection (1): www.baidu.com:443
2020-06-11 22:06:20,393 - C:\Users\22833\AppData\Local\Programs\Python\Python35\lib\site-packages\urllib3\connectionpool.py[line:393] - DEBUG: https://www.baidu.com:443 "GET / HTTP/1.1" 200 None
2020-06-11 22:06:20,397 - C:\Users\22833\AppData\Local\Programs\Python\Python35\lib\site-packages\urllib3\connectionpool.py[line:813] - DEBUG: Starting new HTTPS connection (1): nls-gateway.cn-shanghai.aliyuncs.com:443
2020-06-11 22:06:20,737 - C:\Users\22833\AppData\Local\Programs\Python\Python35\lib\site-packages\urllib3\connectionpool.py[line:393] - DEBUG: https://nls-gateway.cn-shanghai.aliyuncs.com:443 "GET /stream/v1/tts?appkey=VNSQETOK5RRVSeRH&token=5ed6c3da81644f6cbd16927679ef3a85&text=%E4%BD%A0%E5%A5%BD HTTP/1.1" 200 22720
2020-06-11 22:06:20,740 - C:\Users\22833\AppData\Local\Programs\Python\Python35\lib\site-packages\urllib3\connectionpool.py[line:813] - DEBUG: Starting new HTTPS connection (1): nls-gateway.cn-shanghai.aliyuncs.com:443
2020-06-11 22:06:22,572 - C:\Users\22833\AppData\Local\Programs\Python\Python35\lib\site-packages\urllib3\connectionpool.py[line:393] - DEBUG: https://nls-gateway.cn-shanghai.aliyuncs.com:443 "GET /stream/v1/tts?appkey=VNSQETOK5RRVSeRH&token=5ed6c3da81644f6cbd16927679ef3a85&format=mp3&voice=Aixia&speech_rate=-200&volume=100&text=%E6%98%AF%E8%BF%99%E6%A0%B7%E7%9A%84%EF%BC%8C%E6%AC%A0%E6%AC%BE%E7%9B%B8%E5%85%B3%E7%9A%84%E6%83%85%E5%86%B5%E5%91%A2%EF%BC%8C%E5%8F%AF%E4%BB%A5%E5%9C%A8%E6%82%A8%E7%9A%84%E6%94%AF%E4%BB%98%E5%AE%9D%E6%9F%A5%E7%9C%8B%EF%BC%8C%E6%82%A8%E8%AE%B0%E5%BE%97%E5%A4%84%E7%90%86%E4%B8%80%E4%B8%8B%E8%BF%99%E4%B8%AA%E4%BA%8B%E6%83%85%E3%80%82 HTTP/1.1" 200 26496
2020-06-11 22:06:22,617 - D:/python Projects/SophomoreProjects/voice_assistant/voiceComposeByUrl.py[line:34] - INFO: 状态码: 200
2020-06-11 22:06:22,617 - D:/python Projects/SophomoreProjects/voice_assistant/voiceComposeByUrl.py[line:47] - INFO: 正在下载:audio0.mp3

2020-06-11 22:06:24,146 - D:/python Projects/SophomoreProjects/voice_assistant/voiceComposeByUrl.py[line:49] - INFO: audio0.mp3下载完成!!!!!!!!!
2020-06-11 22:06:40,817 - C:\Users\22833\AppData\Local\Programs\Python\Python35\lib\site-packages\urllib3\connectionpool.py[line:813] - DEBUG: Starting new HTTPS connection (1): www.baidu.com:443
2020-06-11 22:06:41,361 - C:\Users\22833\AppData\Local\Programs\Python\Python35\lib\site-packages\urllib3\connectionpool.py[line:393] - DEBUG: https://www.baidu.com:443 "GET / HTTP/1.1" 200 None
2020-06-11 22:06:41,364 - C:\Users\22833\AppData\Local\Programs\Python\Python35\lib\site-packages\urllib3\connectionpool.py[line:813] - DEBUG: Starting new HTTPS connection (1): nls-gateway.cn-shanghai.aliyuncs.com:443
2020-06-11 22:06:41,661 - C:\Users\22833\AppData\Local\Programs\Python\Python35\lib\site-packages\urllib3\connectionpool.py[line:393] - DEBUG: https://nls-gateway.cn-shanghai.aliyuncs.com:443 "GET /stream/v1/tts?appkey=VNSQETOK5RRVSeRH&token=5ed6c3da81644f6cbd16927679ef3a85&text=%E4%BD%A0%E5%A5%BD HTTP/1.1" 200 22720
2020-06-11 22:52:15,707 - C:\Users\22833\AppData\Local\Programs\Python\Python35\lib\site-packages\urllib3\connectionpool.py[line:813] - DEBUG: Starting new HTTPS connection (1): www.baidu.com:443
2020-06-11 22:52:16,246 - C:\Users\22833\AppData\Local\Programs\Python\Python35\lib\site-packages\urllib3\connectionpool.py[line:393] - DEBUG: https://www.baidu.com:443 "GET / HTTP/1.1" 200 None
2020-06-11 22:52:16,249 - C:\Users\22833\AppData\Local\Programs\Python\Python35\lib\site-packages\urllib3\connectionpool.py[line:813] - DEBUG: Starting new HTTPS connection (1): nls-gateway.cn-shanghai.aliyuncs.com:443
2020-06-11 22:52:16,552 - C:\Users\22833\AppData\Local\Programs\Python\Python35\lib\site-packages\urllib3\connectionpool.py[line:393] - DEBUG: https://nls-gateway.cn-shanghai.aliyuncs.com:443 "GET /stream/v1/tts?appkey=VNSQETOK5RRVSeRH&token=5ed6c3da81644f6cbd16927679ef3a85&text=%E4%BD%A0%E5%A5%BD HTTP/1.1" 200 22720
2020-06-11 22:52:17,104 - C:\Users\22833\AppData\Local\Programs\Python\Python35\lib\site-packages\urllib3\connectionpool.py[line:813] - DEBUG: Starting new HTTPS connection (1): nls-gateway.cn-shanghai.aliyuncs.com:443
2020-06-11 22:52:17,104 - C:\Users\22833\AppData\Local\Programs\Python\Python35\lib\site-packages\urllib3\connectionpool.py[line:813] - DEBUG: Starting new HTTPS connection (1): nls-gateway.cn-shanghai.aliyuncs.com:443
2020-06-11 22:52:27,215 - C:\Users\22833\AppData\Local\Programs\Python\Python35\lib\site-packages\urllib3\connectionpool.py[line:393] - DEBUG: https://nls-gateway.cn-shanghai.aliyuncs.com:443 "GET /stream/v1/tts?appkey=VNSQETOK5RRVSeRH&token=5ed6c3da81644f6cbd16927679ef3a85&format=mp3&voice=Aixia&speech_rate=-200&volume=100&text=%E5%A5%BD%E5%9C%A8%E8%BF%99%E6%97%B6%EF%BC%8C%E8%80%81%E5%B8%88%E5%9C%A8%E5%B9%95%E5%B8%83%E6%97%81%E4%B8%8D%E6%96%AD%E5%9C%B0%E9%BC%93%E5%8A%B1%E6%88%91%EF%BC%8C%E5%B0%8F%E5%A3%B0%E5%9C%B0%E8%AF%B4%EF%BC%9A%E2%80%9C%E4%BD%A0%E4%B8%80%E5%AE%9A%E8%83%BD%E8%A1%8C%EF%BC%81%E2%80%9D%E6%88%91%E6%B7%B1%E6%B7%B1%E7%9A%84%E5%90%B8%E4%BA%86%E4%B8%80%E5%8F%A3%E6%B0%94%EF%BC%8C%E5%BE%88%E5%BF%AB%E9%95%87%E9%9D%99%E4%B8%8B%E6%9D%A5%E3%80%82%E6%88%91%E5%BE%AE%E7%AC%91%E7%9D%80%E8%87%AA%E4%BF%A1%E5%9C%B0%E8%B5%B0%E4%B8%8A%E4%BA%86%E8%88%9E%E5%8F%B0%E3%80%82%E4%B8%80%E4%B8%8A%E5%8F%B0%EF%BC%8C%E6%88%91%E5%B0%B1%E5%A5%BD%E5%83%8F%E7%BD%AE%E4%BA%8E%E4%B8%80%E6%B1%A0%E7%A2%A7%E6%B0%B4%E4%B8%AD%EF%BC%8C%E8%BA%AB%E4%BD%93%E5%8F%98%E5%BE%97%E9%82%A3%E6%A0%B7%E7%9A%84%E8%88%92%E5%B1%95%EF%BC%8C%E8%B7%B3%E7%9A%84%E6%AF%8F%E4%B8%80%E4%B8%AA%E5%8A%A8%E4%BD%9C%E9%83%BD%E6%98%AF%E9%82%A3%E4%B9%88%E5%A8%B4%E7%86%9F%E8%80%8C%E8%87%AA%E7%84%B6%E3%80%82%E9%82%A3%E9%9F%B3%E4%B9%90%E5%A6%82%E6%BD%BA%E6%BD%BA%E7%9A%84%E6%BA%AA%E6%B0%B4%EF%BC%8C%E9%95%81%E5%85%89%E7%81%AF%E4%B9%9F%E5%A6%82%E6%AD%A3%E5%8D%88%E7%9A%84%E6%9A%96%E9%98%B3%E3%80%82%E6%88%91%E7%9A%84%E8%88%9E%E5%A7%BF%E7%8A%B9%E5%A6%82%E4%B8%80%E5%8F%AA%E5%82%B2%E6%B0%94%E7%9A%84%E7%99%BD%E5%A4%A9%E9%B9%85%E5%9C%A8%E6%B9%96%E9%9D%A2%E4%B8%8A%E6%B8%B8%E5%8A%A8%EF%BC%9B%E5%8F%88%E5%83%8F%E4%B8%80%E7%BC%95%E7%BA%AF%E6%B4%81%E7%9A%84%E9%98%B3%E5%85%89%EF%BC%8C%E5%B9%B2%E5%87%80%E8%80%8C%E6%B8%A9%E6%9A%96%EF%BC%9B%E6%9B%B4%E5%83%8F%E4%B8%80%E7%9B%B4%E8%93%AC%E5%8B%83%E7%9A%84%E5%90%91%E6%97%A5%E8%91%B5%EF%BC%8C%E6%AD%A3%E5%8A%AA%E5%8A%9B%E5%9C%B0%E5%90%91%E4%B8%8A%E7%94%9F%E9%95%BF%E3%80%82%E7%BB%88%E4%BA%8E%EF%BC%8C%E6%88%91%E5%9C%A8%E8%A7%82%E4%BC%97%E4%BB%AC%E7%9A%84%E6%8E%8C%E5%A3%B0%E4%B8%AD%E9%80%80%E4%BA%86%E5%9C%BA%E3%80%82%E4%BA%8B%E5%90%8E%EF%BC%8C%E6%88%91%E4%B8%80%E7%9B%B4%E5%9C%A8%E6%83%B3%EF%BC%9A%E6%9C%89%E8%87%AA%E4%BF%A1%E4%B8%8D%E4%B8%80%E5%AE%9A%E8%83%BD%E6%88%90%E5%8A%9F%E3%80%82%E4%BD%86%E6%98%AF%EF%BC%8C%E5%A6%82%E6%9E%9C%E4%BD%A0%E5%85%85%E6%BB%A1%E8%87%AA%E4%BF%A1%EF%BC%8C%E5%B0%B1%E6%9C%89%E6%88%90%E5%8A%9F%E7%9A%84%E5%B8%8C%E6%9C%9B%E3%80%82%E8%87%AA%E4%BF%A1%E6%98%AF%E9%A3%9E%E5%90%91%E8%93%9D%E5%A4%A9%E7%9A%84%E7%BF%85%E8%86%80%EF%BC%8C%E6%98%AF%E8%88%AA%E8%A1%8C%E7%9A%84%E8%88%B9%E6%A1%A8%E3%80%82%E5%9C%A8%E4%BB%BB%E4%BD%95%E6%97%B6%E5%80%99%EF%BC%8C%E8%87%AA%E4%BF%A1%E9%83%BD%E4%BC%9A%E5%8A%A9%E4%BD%A0%E4%B8%80%E8%87%82%E4%B9%8B%E5%8A%9B%EF%BC%8C%E5%8A%A9%E4%BD%A0%E5%88%B0%E8%BE%BE%E6%88%90%E5%8A%9F%E7%9A%84%E5%BD%BC%E5%B2%B8%E3%80%82 HTTP/1.1" 200 216144
2020-06-11 22:52:27,769 - D:/python Projects/SophomoreProjects/voice_assistant/voiceComposeByUrl.py[line:47] - INFO: 状态码: 200
2020-06-11 22:52:27,770 - D:/python Projects/SophomoreProjects/voice_assistant/voiceComposeByUrl.py[line:60] - INFO: 正在下载:audio1.mp3

2020-06-11 22:52:31,270 - C:\Users\22833\AppData\Local\Programs\Python\Python35\lib\site-packages\urllib3\connectionpool.py[line:393] - DEBUG: https://nls-gateway.cn-shanghai.aliyuncs.com:443 "GET /stream/v1/tts?appkey=VNSQETOK5RRVSeRH&token=5ed6c3da81644f6cbd16927679ef3a85&format=mp3&voice=Aixia&speech_rate=-200&volume=100&text=%E5%B2%81%E6%9C%88%E5%8C%86%E5%8C%86%E8%80%8C%E8%BF%87%EF%BC%8C%E6%82%84%E6%82%84%E5%9B%9E%E9%A6%96%EF%BC%8C%E6%88%91%E5%B7%B2%E8%B5%B0%E8%BF%9B%E5%B0%8F%E5%AD%A6%E7%94%9F%E6%B4%BB%E8%BF%91%E5%85%AD%E5%B9%B4%E4%BA%86%EF%BC%8C%E5%BF%B5%E5%8F%8A%E5%BE%80%E4%BA%8B%EF%BC%8C%E4%B8%8D%E7%94%9F%E5%94%8F%E5%98%98%E3%80%82%E9%82%A3%E4%BA%BA%E7%94%9F%E9%81%93%E8%B7%AF%E4%B8%8A%E7%9A%84%E6%97%A0%E6%95%B0%E4%B8%AA%E7%AC%AC%E4%B8%80%E6%AC%A1%E5%B0%B1%E5%83%8F%E6%B3%A2%E6%B6%9B%E8%B5%B7%E4%BC%8F%E7%9A%84%E6%B5%B7%E6%B5%AA%EF%BC%8C%E8%8D%A1%E6%BC%BE%E5%9C%A8%E6%88%91%E7%9A%84%E5%BF%83%E5%A4%B4%E3%80%82%E6%98%AF%E9%82%A3%E6%A0%B7%E7%9A%84%E4%BA%B2%E5%88%87%E8%80%8C%E6%9C%89%E7%86%9F%E6%82%89%EF%BC%8C%E5%8F%88%E6%98%AF%E9%82%A3%E6%A0%B7%E7%9A%84%E7%BE%8E%E5%A5%BD%E8%80%8C%E5%92%8C%E8%B0%90%E3%80%82%E7%AC%AC%E4%B8%80%E6%AC%A1%E4%B8%8A%E5%8F%B0%E8%A1%A8%E6%BC%94%E7%9A%84%E7%BB%8F%E5%8E%86%E5%B0%B1%E4%B8%80%E7%9B%B4%E4%BD%BF%E6%88%91%E4%B8%8D%E8%83%BD%E5%BF%98%E6%80%80%E3%80%82%E9%82%A3%E6%98%AF%E6%88%91%E5%9C%A8%E4%BA%94%E5%B2%81%E7%AC%AC%E4%B8%80%E6%AC%A1%E4%B8%8A%E5%8F%B0%E6%97%B6%EF%BC%8C%E5%9C%A8%E4%B8%8A%E5%8F%B0%E5%89%8D%EF%BC%8C%E6%88%91%E7%9A%84%E5%BF%83%E5%BF%90%E5%BF%91%E4%B8%8D%E5%AE%89%EF%BC%8C%E6%80%BB%E6%98%AF%E6%97%A0%E6%B3%95%E8%B0%83%E6%95%B4%E5%87%BA%E5%A5%BD%E7%9A%84%E6%83%85%E7%BB%AA%E3%80%82%E5%BC%80%E5%A7%8B%E8%A1%A8%E6%BC%94%E4%BA%86%EF%BC%8C%E5%BC%BA%E7%83%88%E7%9A%84%E9%95%81%E5%85%89%E7%81%AF%E7%9B%B4%E5%B0%84%E4%B8%8B%E6%9D%A5%EF%BC%8C%E5%B0%B1%E5%83%8F%E4%B8%80%E5%8F%8C%E7%8A%80%E5%88%A9%E7%9A%84%E7%9C%BC%E7%9D%9B%EF%BC%8C%E7%9B%AF%E7%9D%80%E6%88%91%E5%96%98%E4%B8%8D%E8%BF%87%E6%B0%94%E6%9D%A5%E3%80%82%E6%88%91%E5%B0%B1%E6%9B%B4%E7%B4%A7%E5%BC%A0%E4%BA%86%E3%80%82%E5%BD%93%E6%88%91%E7%9C%8B%E5%88%B0%E5%8F%B0%E4%B8%8B%E8%BF%99%E4%B9%88%E5%A4%9A%E4%BA%BA%E7%9A%84%E7%9B%AE%E5%85%89%E8%81%9A%E9%9B%86%E5%9C%A8%E6%88%91%E7%9A%84%E8%BA%AB%E4%B8%8A%EF%BC%8C%E5%8E%9F%E6%9D%A5%E5%B0%B1%E6%8B%85%E5%BF%83%E7%9A%84%E6%88%91%E4%B8%80%E4%B8%8B%E5%AD%90%E5%BF%98%E4%BA%86%E8%87%AA%E5%B7%B1%E7%9A%84%E5%8A%A8%E4%BD%9C%EF%BC%8C%E5%82%BB%E5%91%86%E5%91%86%E7%9A%84%E7%AB%99%E5%9C%A8%E5%B9%95%E5%B8%83%E6%97%81%E3%80%82%E9%82%A3%E4%B8%80%E5%88%B9%E9%82%A3%EF%BC%8C%E6%88%91%E5%90%AC%E5%88%B0%E7%9A%84%E9%9F%B3%E4%B9%90%E5%B0%B1%E5%83%8F%E5%A5%94%E9%A9%B0%E7%9A%84%E9%87%8E%E9%A9%AC%EF%BC%8C%E5%97%A1%E5%97%A1%E4%BD%9C%E5%93%8D%EF%BC%9B%E9%95%81%E5%85%89%E7%81%AF%E5%88%99%E6%98%AF%E4%B8%80%E6%8A%8A%E9%94%8B%E5%88%A9%E8%80%8C%E5%B0%96%E9%94%90%E7%9A%84%E7%AE%AD%EF%BC%8C%E5%B0%84%E8%BF%9B%E4%BA%86%E6%88%91%E7%9A%84%E5%86%85%E5%BF%83%E6%B7%B1%E5%A4%84%E3%80%82 HTTP/1.1" 200 220320
2020-06-11 22:52:31,799 - D:/python Projects/SophomoreProjects/voice_assistant/voiceComposeByUrl.py[line:47] - INFO: 状态码: 200
2020-06-11 22:52:31,800 - D:/python Projects/SophomoreProjects/voice_assistant/voiceComposeByUrl.py[line:60] - INFO: 正在下载:audio0.mp3

2020-06-11 22:52:37,952 - D:/python Projects/SophomoreProjects/voice_assistant/voiceComposeByUrl.py[line:62] - INFO: audio1.mp3下载完成!!!!!!!!!
2020-06-11 22:52:38,455 - C:\Users\22833\AppData\Local\Programs\Python\Python35\lib\site-packages\urllib3\connectionpool.py[line:813] - DEBUG: Starting new HTTPS connection (1): nls-gateway.cn-shanghai.aliyuncs.com:443
2020-06-11 22:52:40,645 - C:\Users\22833\AppData\Local\Programs\Python\Python35\lib\site-packages\urllib3\connectionpool.py[line:393] - DEBUG: https://nls-gateway.cn-shanghai.aliyuncs.com:443 "GET /stream/v1/tts?appkey=VNSQETOK5RRVSeRH&token=5ed6c3da81644f6cbd16927679ef3a85&format=mp3&voice=Aixia&speech_rate=-200&volume=100&text=%E8%AE%A9%E8%87%AA%E5%B7%B1%E6%88%90%E4%B8%BA%E4%B8%80%E4%B8%AA%E5%85%85%E6%BB%A1%E8%87%AA%E4%BF%A1%E7%9A%84%E4%BA%BA%E5%90%A7%EF%BC%81%E6%88%91%E7%88%B1%E7%AC%AC%E4%B8%80%E6%AC%A1%EF%BC%8C%E4%BB%96%E6%95%99%E4%BC%9A%E4%BA%86%E6%88%91%E6%88%90%E5%8A%9F%E7%9A%84%E7%A7%98%E7%AC%88%EF%BC%9A%E5%85%85%E6%BB%A1%E8%87%AA%E4%BF%A1%EF%BC%8C%E6%8C%91%E6%88%98%E8%87%AA%E4%BF%A1%E3%80%82%2A%E3%80%82 HTTP/1.1" 200 32152
2020-06-11 22:52:40,735 - D:/python Projects/SophomoreProjects/voice_assistant/voiceComposeByUrl.py[line:47] - INFO: 状态码: 200
2020-06-11 22:52:40,736 - D:/python Projects/SophomoreProjects/voice_assistant/voiceComposeByUrl.py[line:60] - INFO: 正在下载:audio2.mp3

2020-06-11 22:52:42,473 - D:/python Projects/SophomoreProjects/voice_assistant/voiceComposeByUrl.py[line:62] - INFO: audio2.mp3下载完成!!!!!!!!!
2020-06-11 22:52:46,744 - D:/python Projects/SophomoreProjects/voice_assistant/voiceComposeByUrl.py[line:62] - INFO: audio0.mp3下载完成!!!!!!!!!
2020-06-11 22:54:02,283 - C:\Users\22833\AppData\Local\Programs\Python\Python35\lib\site-packages\urllib3\connectionpool.py[line:813] - DEBUG: Starting new HTTPS connection (1): www.baidu.com:443
2020-06-11 22:54:02,822 - C:\Users\22833\AppData\Local\Programs\Python\Python35\lib\site-packages\urllib3\connectionpool.py[line:393] - DEBUG: https://www.baidu.com:443 "GET / HTTP/1.1" 200 None
2020-06-11 22:54:02,825 - C:\Users\22833\AppData\Local\Programs\Python\Python35\lib\site-packages\urllib3\connectionpool.py[line:813] - DEBUG: Starting new HTTPS connection (1): nls-gateway.cn-shanghai.aliyuncs.com:443
2020-06-11 22:54:03,162 - C:\Users\22833\AppData\Local\Programs\Python\Python35\lib\site-packages\urllib3\connectionpool.py[line:393] - DEBUG: https://nls-gateway.cn-shanghai.aliyuncs.com:443 "GET /stream/v1/tts?appkey=VNSQETOK5RRVSeRH&token=5ed6c3da81644f6cbd16927679ef3a85&text=%E4%BD%A0%E5%A5%BD HTTP/1.1" 200 22720
2020-06-11 22:54:03,715 - C:\Users\22833\AppData\Local\Programs\Python\Python35\lib\site-packages\urllib3\connectionpool.py[line:813] - DEBUG: Starting new HTTPS connection (1): nls-gateway.cn-shanghai.aliyuncs.com:443
2020-06-11 22:54:03,716 - C:\Users\22833\AppData\Local\Programs\Python\Python35\lib\site-packages\urllib3\connectionpool.py[line:813] - DEBUG: Starting new HTTPS connection (1): nls-gateway.cn-shanghai.aliyuncs.com:443
2020-06-11 22:54:04,067 - C:\Users\22833\AppData\Local\Programs\Python\Python35\lib\site-packages\urllib3\connectionpool.py[line:393] - DEBUG: https://nls-gateway.cn-shanghai.aliyuncs.com:443 "GET /stream/v1/tts?appkey=VNSQETOK5RRVSeRH&token=5ed6c3da81644f6cbd16927679ef3a85&format=mp3&voice=Aixia&speech_rate=-200&volume=100&text=%E5%B2%81%E6%9C%88%E5%8C%86%E5%8C%86%E8%80%8C%E8%BF%87%EF%BC%8C%E6%82%84%E6%82%84%E5%9B%9E%E9%A6%96%EF%BC%8C%E6%88%91%E5%B7%B2%E8%B5%B0%E8%BF%9B%E5%B0%8F%E5%AD%A6%E7%94%9F%E6%B4%BB%E8%BF%91%E5%85%AD%E5%B9%B4%E4%BA%86%EF%BC%8C%E5%BF%B5%E5%8F%8A%E5%BE%80%E4%BA%8B%EF%BC%8C%E4%B8%8D%E7%94%9F%E5%94%8F%E5%98%98%E3%80%82%E9%82%A3%E4%BA%BA%E7%94%9F%E9%81%93%E8%B7%AF%E4%B8%8A%E7%9A%84%E6%97%A0%E6%95%B0%E4%B8%AA%E7%AC%AC%E4%B8%80%E6%AC%A1%E5%B0%B1%E5%83%8F%E6%B3%A2%E6%B6%9B%E8%B5%B7%E4%BC%8F%E7%9A%84%E6%B5%B7%E6%B5%AA%EF%BC%8C%E8%8D%A1%E6%BC%BE%E5%9C%A8%E6%88%91%E7%9A%84%E5%BF%83%E5%A4%B4%E3%80%82%E6%98%AF%E9%82%A3%E6%A0%B7%E7%9A%84%E4%BA%B2%E5%88%87%E8%80%8C%E6%9C%89%E7%86%9F%E6%82%89%EF%BC%8C%E5%8F%88%E6%98%AF%E9%82%A3%E6%A0%B7%E7%9A%84%E7%BE%8E%E5%A5%BD%E8%80%8C%E5%92%8C%E8%B0%90%E3%80%82%E7%AC%AC%E4%B8%80%E6%AC%A1%E4%B8%8A%E5%8F%B0%E8%A1%A8%E6%BC%94%E7%9A%84%E7%BB%8F%E5%8E%86%E5%B0%B1%E4%B8%80%E7%9B%B4%E4%BD%BF%E6%88%91%E4%B8%8D%E8%83%BD%E5%BF%98%E6%80%80%E3%80%82%E9%82%A3%E6%98%AF%E6%88%91%E5%9C%A8%E4%BA%94%E5%B2%81%E7%AC%AC%E4%B8%80%E6%AC%A1%E4%B8%8A%E5%8F%B0%E6%97%B6%EF%BC%8C%E5%9C%A8%E4%B8%8A%E5%8F%B0%E5%89%8D%EF%BC%8C%E6%88%91%E7%9A%84%E5%BF%83%E5%BF%90%E5%BF%91%E4%B8%8D%E5%AE%89%EF%BC%8C%E6%80%BB%E6%98%AF%E6%97%A0%E6%B3%95%E8%B0%83%E6%95%B4%E5%87%BA%E5%A5%BD%E7%9A%84%E6%83%85%E7%BB%AA%E3%80%82%E5%BC%80%E5%A7%8B%E8%A1%A8%E6%BC%94%E4%BA%86%EF%BC%8C%E5%BC%BA%E7%83%88%E7%9A%84%E9%95%81%E5%85%89%E7%81%AF%E7%9B%B4%E5%B0%84%E4%B8%8B%E6%9D%A5%EF%BC%8C%E5%B0%B1%E5%83%8F%E4%B8%80%E5%8F%8C%E7%8A%80%E5%88%A9%E7%9A%84%E7%9C%BC%E7%9D%9B%EF%BC%8C%E7%9B%AF%E7%9D%80%E6%88%91%E5%96%98%E4%B8%8D%E8%BF%87%E6%B0%94%E6%9D%A5%E3%80%82%E6%88%91%E5%B0%B1%E6%9B%B4%E7%B4%A7%E5%BC%A0%E4%BA%86%E3%80%82%E5%BD%93%E6%88%91%E7%9C%8B%E5%88%B0%E5%8F%B0%E4%B8%8B%E8%BF%99%E4%B9%88%E5%A4%9A%E4%BA%BA%E7%9A%84%E7%9B%AE%E5%85%89%E8%81%9A%E9%9B%86%E5%9C%A8%E6%88%91%E7%9A%84%E8%BA%AB%E4%B8%8A%EF%BC%8C%E5%8E%9F%E6%9D%A5%E5%B0%B1%E6%8B%85%E5%BF%83%E7%9A%84%E6%88%91%E4%B8%80%E4%B8%8B%E5%AD%90%E5%BF%98%E4%BA%86%E8%87%AA%E5%B7%B1%E7%9A%84%E5%8A%A8%E4%BD%9C%EF%BC%8C%E5%82%BB%E5%91%86%E5%91%86%E7%9A%84%E7%AB%99%E5%9C%A8%E5%B9%95%E5%B8%83%E6%97%81%E3%80%82%E9%82%A3%E4%B8%80%E5%88%B9%E9%82%A3%EF%BC%8C%E6%88%91%E5%90%AC%E5%88%B0%E7%9A%84%E9%9F%B3%E4%B9%90%E5%B0%B1%E5%83%8F%E5%A5%94%E9%A9%B0%E7%9A%84%E9%87%8E%E9%A9%AC%EF%BC%8C%E5%97%A1%E5%97%A1%E4%BD%9C%E5%93%8D%EF%BC%9B%E9%95%81%E5%85%89%E7%81%AF%E5%88%99%E6%98%AF%E4%B8%80%E6%8A%8A%E9%94%8B%E5%88%A9%E8%80%8C%E5%B0%96%E9%94%90%E7%9A%84%E7%AE%AD%EF%BC%8C%E5%B0%84%E8%BF%9B%E4%BA%86%E6%88%91%E7%9A%84%E5%86%85%E5%BF%83%E6%B7%B1%E5%A4%84%E3%80%82 HTTP/1.1" 200 220320
2020-06-11 22:54:04,667 - D:/python Projects/SophomoreProjects/voice_assistant/voiceComposeByUrl.py[line:48] - INFO: 状态码: 200
2020-06-11 22:54:04,668 - D:/python Projects/SophomoreProjects/voice_assistant/voiceComposeByUrl.py[line:61] - INFO: 正在下载:audio0.mp3

2020-06-11 22:54:16,282 - C:\Users\22833\AppData\Local\Programs\Python\Python35\lib\site-packages\urllib3\connectionpool.py[line:393] - DEBUG: https://nls-gateway.cn-shanghai.aliyuncs.com:443 "GET /stream/v1/tts?appkey=VNSQETOK5RRVSeRH&token=5ed6c3da81644f6cbd16927679ef3a85&format=mp3&voice=Aixia&speech_rate=-200&volume=100&text=%E5%A5%BD%E5%9C%A8%E8%BF%99%E6%97%B6%EF%BC%8C%E8%80%81%E5%B8%88%E5%9C%A8%E5%B9%95%E5%B8%83%E6%97%81%E4%B8%8D%E6%96%AD%E5%9C%B0%E9%BC%93%E5%8A%B1%E6%88%91%EF%BC%8C%E5%B0%8F%E5%A3%B0%E5%9C%B0%E8%AF%B4%EF%BC%9A%E2%80%9C%E4%BD%A0%E4%B8%80%E5%AE%9A%E8%83%BD%E8%A1%8C%EF%BC%81%E2%80%9D%E6%88%91%E6%B7%B1%E6%B7%B1%E7%9A%84%E5%90%B8%E4%BA%86%E4%B8%80%E5%8F%A3%E6%B0%94%EF%BC%8C%E5%BE%88%E5%BF%AB%E9%95%87%E9%9D%99%E4%B8%8B%E6%9D%A5%E3%80%82%E6%88%91%E5%BE%AE%E7%AC%91%E7%9D%80%E8%87%AA%E4%BF%A1%E5%9C%B0%E8%B5%B0%E4%B8%8A%E4%BA%86%E8%88%9E%E5%8F%B0%E3%80%82%E4%B8%80%E4%B8%8A%E5%8F%B0%EF%BC%8C%E6%88%91%E5%B0%B1%E5%A5%BD%E5%83%8F%E7%BD%AE%E4%BA%8E%E4%B8%80%E6%B1%A0%E7%A2%A7%E6%B0%B4%E4%B8%AD%EF%BC%8C%E8%BA%AB%E4%BD%93%E5%8F%98%E5%BE%97%E9%82%A3%E6%A0%B7%E7%9A%84%E8%88%92%E5%B1%95%EF%BC%8C%E8%B7%B3%E7%9A%84%E6%AF%8F%E4%B8%80%E4%B8%AA%E5%8A%A8%E4%BD%9C%E9%83%BD%E6%98%AF%E9%82%A3%E4%B9%88%E5%A8%B4%E7%86%9F%E8%80%8C%E8%87%AA%E7%84%B6%E3%80%82%E9%82%A3%E9%9F%B3%E4%B9%90%E5%A6%82%E6%BD%BA%E6%BD%BA%E7%9A%84%E6%BA%AA%E6%B0%B4%EF%BC%8C%E9%95%81%E5%85%89%E7%81%AF%E4%B9%9F%E5%A6%82%E6%AD%A3%E5%8D%88%E7%9A%84%E6%9A%96%E9%98%B3%E3%80%82%E6%88%91%E7%9A%84%E8%88%9E%E5%A7%BF%E7%8A%B9%E5%A6%82%E4%B8%80%E5%8F%AA%E5%82%B2%E6%B0%94%E7%9A%84%E7%99%BD%E5%A4%A9%E9%B9%85%E5%9C%A8%E6%B9%96%E9%9D%A2%E4%B8%8A%E6%B8%B8%E5%8A%A8%EF%BC%9B%E5%8F%88%E5%83%8F%E4%B8%80%E7%BC%95%E7%BA%AF%E6%B4%81%E7%9A%84%E9%98%B3%E5%85%89%EF%BC%8C%E5%B9%B2%E5%87%80%E8%80%8C%E6%B8%A9%E6%9A%96%EF%BC%9B%E6%9B%B4%E5%83%8F%E4%B8%80%E7%9B%B4%E8%93%AC%E5%8B%83%E7%9A%84%E5%90%91%E6%97%A5%E8%91%B5%EF%BC%8C%E6%AD%A3%E5%8A%AA%E5%8A%9B%E5%9C%B0%E5%90%91%E4%B8%8A%E7%94%9F%E9%95%BF%E3%80%82%E7%BB%88%E4%BA%8E%EF%BC%8C%E6%88%91%E5%9C%A8%E8%A7%82%E4%BC%97%E4%BB%AC%E7%9A%84%E6%8E%8C%E5%A3%B0%E4%B8%AD%E9%80%80%E4%BA%86%E5%9C%BA%E3%80%82%E4%BA%8B%E5%90%8E%EF%BC%8C%E6%88%91%E4%B8%80%E7%9B%B4%E5%9C%A8%E6%83%B3%EF%BC%9A%E6%9C%89%E8%87%AA%E4%BF%A1%E4%B8%8D%E4%B8%80%E5%AE%9A%E8%83%BD%E6%88%90%E5%8A%9F%E3%80%82%E4%BD%86%E6%98%AF%EF%BC%8C%E5%A6%82%E6%9E%9C%E4%BD%A0%E5%85%85%E6%BB%A1%E8%87%AA%E4%BF%A1%EF%BC%8C%E5%B0%B1%E6%9C%89%E6%88%90%E5%8A%9F%E7%9A%84%E5%B8%8C%E6%9C%9B%E3%80%82%E8%87%AA%E4%BF%A1%E6%98%AF%E9%A3%9E%E5%90%91%E8%93%9D%E5%A4%A9%E7%9A%84%E7%BF%85%E8%86%80%EF%BC%8C%E6%98%AF%E8%88%AA%E8%A1%8C%E7%9A%84%E8%88%B9%E6%A1%A8%E3%80%82%E5%9C%A8%E4%BB%BB%E4%BD%95%E6%97%B6%E5%80%99%EF%BC%8C%E8%87%AA%E4%BF%A1%E9%83%BD%E4%BC%9A%E5%8A%A9%E4%BD%A0%E4%B8%80%E8%87%82%E4%B9%8B%E5%8A%9B%EF%BC%8C%E5%8A%A9%E4%BD%A0%E5%88%B0%E8%BE%BE%E6%88%90%E5%8A%9F%E7%9A%84%E5%BD%BC%E5%B2%B8%E3%80%82 HTTP/1.1" 200 216288
2020-06-11 22:54:16,850 - D:/python Projects/SophomoreProjects/voice_assistant/voiceComposeByUrl.py[line:48] - INFO: 状态码: 200
2020-06-11 22:54:16,851 - D:/python Projects/SophomoreProjects/voice_assistant/voiceComposeByUrl.py[line:61] - INFO: 正在下载:audio1.mp3

2020-06-11 22:54:17,892 - D:/python Projects/SophomoreProjects/voice_assistant/voiceComposeByUrl.py[line:63] - INFO: audio0.mp3下载完成!!!!!!!!!
2020-06-11 22:54:26,981 - D:/python Projects/SophomoreProjects/voice_assistant/voiceComposeByUrl.py[line:63] - INFO: audio1.mp3下载完成!!!!!!!!!
2020-06-11 22:54:27,484 - C:\Users\22833\AppData\Local\Programs\Python\Python35\lib\site-packages\urllib3\connectionpool.py[line:813] - DEBUG: Starting new HTTPS connection (1): nls-gateway.cn-shanghai.aliyuncs.com:443
2020-06-11 22:54:29,137 - C:\Users\22833\AppData\Local\Programs\Python\Python35\lib\site-packages\urllib3\connectionpool.py[line:393] - DEBUG: https://nls-gateway.cn-shanghai.aliyuncs.com:443 "GET /stream/v1/tts?appkey=VNSQETOK5RRVSeRH&token=5ed6c3da81644f6cbd16927679ef3a85&format=mp3&voice=Aixia&speech_rate=-200&volume=100&text=%E8%AE%A9%E8%87%AA%E5%B7%B1%E6%88%90%E4%B8%BA%E4%B8%80%E4%B8%AA%E5%85%85%E6%BB%A1%E8%87%AA%E4%BF%A1%E7%9A%84%E4%BA%BA%E5%90%A7%EF%BC%81%E6%88%91%E7%88%B1%E7%AC%AC%E4%B8%80%E6%AC%A1%EF%BC%8C%E4%BB%96%E6%95%99%E4%BC%9A%E4%BA%86%E6%88%91%E6%88%90%E5%8A%9F%E7%9A%84%E7%A7%98%E7%AC%88%EF%BC%9A%E5%85%85%E6%BB%A1%E8%87%AA%E4%BF%A1%EF%BC%8C%E6%8C%91%E6%88%98%E8%87%AA%E4%BF%A1%E3%80%82%2A%E3%80%82 HTTP/1.1" 200 32296
2020-06-11 22:54:29,184 - D:/python Projects/SophomoreProjects/voice_assistant/voiceComposeByUrl.py[line:48] - INFO: 状态码: 200
2020-06-11 22:54:29,184 - D:/python Projects/SophomoreProjects/voice_assistant/voiceComposeByUrl.py[line:61] - INFO: 正在下载:audio2.mp3

2020-06-11 22:54:30,988 - D:/python Projects/SophomoreProjects/voice_assistant/voiceComposeByUrl.py[line:63] - INFO: audio2.mp3下载完成!!!!!!!!!
2020-06-11 22:55:43,538 - C:\Users\22833\AppData\Local\Programs\Python\Python35\lib\site-packages\urllib3\connectionpool.py[line:813] - DEBUG: Starting new HTTPS connection (1): www.baidu.com:443
2020-06-11 22:55:44,077 - C:\Users\22833\AppData\Local\Programs\Python\Python35\lib\site-packages\urllib3\connectionpool.py[line:393] - DEBUG: https://www.baidu.com:443 "GET / HTTP/1.1" 200 None
2020-06-11 22:55:44,081 - C:\Users\22833\AppData\Local\Programs\Python\Python35\lib\site-packages\urllib3\connectionpool.py[line:813] - DEBUG: Starting new HTTPS connection (1): nls-gateway.cn-shanghai.aliyuncs.com:443
2020-06-11 22:55:44,393 - C:\Users\22833\AppData\Local\Programs\Python\Python35\lib\site-packages\urllib3\connectionpool.py[line:393] - DEBUG: https://nls-gateway.cn-shanghai.aliyuncs.com:443 "GET /stream/v1/tts?appkey=VNSQETOK5RRVSeRH&token=5ed6c3da81644f6cbd16927679ef3a85&text=%E4%BD%A0%E5%A5%BD HTTP/1.1" 200 22720
2020-06-11 22:55:44,440 - C:\Users\22833\AppData\Local\Programs\Python\Python35\lib\site-packages\urllib3\connectionpool.py[line:813] - DEBUG: Starting new HTTPS connection (1): nls-gateway.cn-shanghai.aliyuncs.com:443
2020-06-11 22:55:54,551 - C:\Users\22833\AppData\Local\Programs\Python\Python35\lib\site-packages\urllib3\connectionpool.py[line:393] - DEBUG: https://nls-gateway.cn-shanghai.aliyuncs.com:443 "GET /stream/v1/tts?appkey=VNSQETOK5RRVSeRH&token=5ed6c3da81644f6cbd16927679ef3a85&format=mp3&voice=Aixia&speech_rate=-200&volume=100&text=%E5%B2%81%E6%9C%88%E5%8C%86%E5%8C%86%E8%80%8C%E8%BF%87%EF%BC%8C%E6%82%84%E6%82%84%E5%9B%9E%E9%A6%96%EF%BC%8C%E6%88%91%E5%B7%B2%E8%B5%B0%E8%BF%9B%E5%B0%8F%E5%AD%A6%E7%94%9F%E6%B4%BB%E8%BF%91%E5%85%AD%E5%B9%B4%E4%BA%86%EF%BC%8C%E5%BF%B5%E5%8F%8A%E5%BE%80%E4%BA%8B%EF%BC%8C%E4%B8%8D%E7%94%9F%E5%94%8F%E5%98%98%E3%80%82%E9%82%A3%E4%BA%BA%E7%94%9F%E9%81%93%E8%B7%AF%E4%B8%8A%E7%9A%84%E6%97%A0%E6%95%B0%E4%B8%AA%E7%AC%AC%E4%B8%80%E6%AC%A1%E5%B0%B1%E5%83%8F%E6%B3%A2%E6%B6%9B%E8%B5%B7%E4%BC%8F%E7%9A%84%E6%B5%B7%E6%B5%AA%EF%BC%8C%E8%8D%A1%E6%BC%BE%E5%9C%A8%E6%88%91%E7%9A%84%E5%BF%83%E5%A4%B4%E3%80%82%E6%98%AF%E9%82%A3%E6%A0%B7%E7%9A%84%E4%BA%B2%E5%88%87%E8%80%8C%E6%9C%89%E7%86%9F%E6%82%89%EF%BC%8C%E5%8F%88%E6%98%AF%E9%82%A3%E6%A0%B7%E7%9A%84%E7%BE%8E%E5%A5%BD%E8%80%8C%E5%92%8C%E8%B0%90%E3%80%82%E7%AC%AC%E4%B8%80%E6%AC%A1%E4%B8%8A%E5%8F%B0%E8%A1%A8%E6%BC%94%E7%9A%84%E7%BB%8F%E5%8E%86%E5%B0%B1%E4%B8%80%E7%9B%B4%E4%BD%BF%E6%88%91%E4%B8%8D%E8%83%BD%E5%BF%98%E6%80%80%E3%80%82%E9%82%A3%E6%98%AF%E6%88%91%E5%9C%A8%E4%BA%94%E5%B2%81%E7%AC%AC%E4%B8%80%E6%AC%A1%E4%B8%8A%E5%8F%B0%E6%97%B6%EF%BC%8C%E5%9C%A8%E4%B8%8A%E5%8F%B0%E5%89%8D%EF%BC%8C%E6%88%91%E7%9A%84%E5%BF%83%E5%BF%90%E5%BF%91%E4%B8%8D%E5%AE%89%EF%BC%8C%E6%80%BB%E6%98%AF%E6%97%A0%E6%B3%95%E8%B0%83%E6%95%B4%E5%87%BA%E5%A5%BD%E7%9A%84%E6%83%85%E7%BB%AA%E3%80%82%E5%BC%80%E5%A7%8B%E8%A1%A8%E6%BC%94%E4%BA%86%EF%BC%8C%E5%BC%BA%E7%83%88%E7%9A%84%E9%95%81%E5%85%89%E7%81%AF%E7%9B%B4%E5%B0%84%E4%B8%8B%E6%9D%A5%EF%BC%8C%E5%B0%B1%E5%83%8F%E4%B8%80%E5%8F%8C%E7%8A%80%E5%88%A9%E7%9A%84%E7%9C%BC%E7%9D%9B%EF%BC%8C%E7%9B%AF%E7%9D%80%E6%88%91%E5%96%98%E4%B8%8D%E8%BF%87%E6%B0%94%E6%9D%A5%E3%80%82%E6%88%91%E5%B0%B1%E6%9B%B4%E7%B4%A7%E5%BC%A0%E4%BA%86%E3%80%82%E5%BD%93%E6%88%91%E7%9C%8B%E5%88%B0%E5%8F%B0%E4%B8%8B%E8%BF%99%E4%B9%88%E5%A4%9A%E4%BA%BA%E7%9A%84%E7%9B%AE%E5%85%89%E8%81%9A%E9%9B%86%E5%9C%A8%E6%88%91%E7%9A%84%E8%BA%AB%E4%B8%8A%EF%BC%8C%E5%8E%9F%E6%9D%A5%E5%B0%B1%E6%8B%85%E5%BF%83%E7%9A%84%E6%88%91%E4%B8%80%E4%B8%8B%E5%AD%90%E5%BF%98%E4%BA%86%E8%87%AA%E5%B7%B1%E7%9A%84%E5%8A%A8%E4%BD%9C%EF%BC%8C%E5%82%BB%E5%91%86%E5%91%86%E7%9A%84%E7%AB%99%E5%9C%A8%E5%B9%95%E5%B8%83%E6%97%81%E3%80%82%E9%82%A3%E4%B8%80%E5%88%B9%E9%82%A3%EF%BC%8C%E6%88%91%E5%90%AC%E5%88%B0%E7%9A%84%E9%9F%B3%E4%B9%90%E5%B0%B1%E5%83%8F%E5%A5%94%E9%A9%B0%E7%9A%84%E9%87%8E%E9%A9%AC%EF%BC%8C%E5%97%A1%E5%97%A1%E4%BD%9C%E5%93%8D%EF%BC%9B%E9%95%81%E5%85%89%E7%81%AF%E5%88%99%E6%98%AF%E4%B8%80%E6%8A%8A%E9%94%8B%E5%88%A9%E8%80%8C%E5%B0%96%E9%94%90%E7%9A%84%E7%AE%AD%EF%BC%8C%E5%B0%84%E8%BF%9B%E4%BA%86%E6%88%91%E7%9A%84%E5%86%85%E5%BF%83%E6%B7%B1%E5%A4%84%E3%80%82 HTTP/1.1" 200 220320
2020-06-11 22:55:55,207 - D:/python Projects/SophomoreProjects/voice_assistant/voiceComposeByUrl.py[line:48] - INFO: 状态码: 200
2020-06-11 22:55:55,207 - D:/python Projects/SophomoreProjects/voice_assistant/voiceComposeByUrl.py[line:61] - INFO: 正在下载:audio0.mp3

2020-06-11 22:56:05,508 - D:/python Projects/SophomoreProjects/voice_assistant/voiceComposeByUrl.py[line:63] - INFO: audio0.mp3下载完成!!!!!!!!!
2020-06-11 22:56:05,510 - C:\Users\22833\AppData\Local\Programs\Python\Python35\lib\site-packages\urllib3\connectionpool.py[line:813] - DEBUG: Starting new HTTPS connection (1): nls-gateway.cn-shanghai.aliyuncs.com:443
2020-06-11 22:56:17,648 - C:\Users\22833\AppData\Local\Programs\Python\Python35\lib\site-packages\urllib3\connectionpool.py[line:393] - DEBUG: https://nls-gateway.cn-shanghai.aliyuncs.com:443 "GET /stream/v1/tts?appkey=VNSQETOK5RRVSeRH&token=5ed6c3da81644f6cbd16927679ef3a85&format=mp3&voice=Aixia&speech_rate=-200&volume=100&text=%E5%A5%BD%E5%9C%A8%E8%BF%99%E6%97%B6%EF%BC%8C%E8%80%81%E5%B8%88%E5%9C%A8%E5%B9%95%E5%B8%83%E6%97%81%E4%B8%8D%E6%96%AD%E5%9C%B0%E9%BC%93%E5%8A%B1%E6%88%91%EF%BC%8C%E5%B0%8F%E5%A3%B0%E5%9C%B0%E8%AF%B4%EF%BC%9A%E2%80%9C%E4%BD%A0%E4%B8%80%E5%AE%9A%E8%83%BD%E8%A1%8C%EF%BC%81%E2%80%9D%E6%88%91%E6%B7%B1%E6%B7%B1%E7%9A%84%E5%90%B8%E4%BA%86%E4%B8%80%E5%8F%A3%E6%B0%94%EF%BC%8C%E5%BE%88%E5%BF%AB%E9%95%87%E9%9D%99%E4%B8%8B%E6%9D%A5%E3%80%82%E6%88%91%E5%BE%AE%E7%AC%91%E7%9D%80%E8%87%AA%E4%BF%A1%E5%9C%B0%E8%B5%B0%E4%B8%8A%E4%BA%86%E8%88%9E%E5%8F%B0%E3%80%82%E4%B8%80%E4%B8%8A%E5%8F%B0%EF%BC%8C%E6%88%91%E5%B0%B1%E5%A5%BD%E5%83%8F%E7%BD%AE%E4%BA%8E%E4%B8%80%E6%B1%A0%E7%A2%A7%E6%B0%B4%E4%B8%AD%EF%BC%8C%E8%BA%AB%E4%BD%93%E5%8F%98%E5%BE%97%E9%82%A3%E6%A0%B7%E7%9A%84%E8%88%92%E5%B1%95%EF%BC%8C%E8%B7%B3%E7%9A%84%E6%AF%8F%E4%B8%80%E4%B8%AA%E5%8A%A8%E4%BD%9C%E9%83%BD%E6%98%AF%E9%82%A3%E4%B9%88%E5%A8%B4%E7%86%9F%E8%80%8C%E8%87%AA%E7%84%B6%E3%80%82%E9%82%A3%E9%9F%B3%E4%B9%90%E5%A6%82%E6%BD%BA%E6%BD%BA%E7%9A%84%E6%BA%AA%E6%B0%B4%EF%BC%8C%E9%95%81%E5%85%89%E7%81%AF%E4%B9%9F%E5%A6%82%E6%AD%A3%E5%8D%88%E7%9A%84%E6%9A%96%E9%98%B3%E3%80%82%E6%88%91%E7%9A%84%E8%88%9E%E5%A7%BF%E7%8A%B9%E5%A6%82%E4%B8%80%E5%8F%AA%E5%82%B2%E6%B0%94%E7%9A%84%E7%99%BD%E5%A4%A9%E9%B9%85%E5%9C%A8%E6%B9%96%E9%9D%A2%E4%B8%8A%E6%B8%B8%E5%8A%A8%EF%BC%9B%E5%8F%88%E5%83%8F%E4%B8%80%E7%BC%95%E7%BA%AF%E6%B4%81%E7%9A%84%E9%98%B3%E5%85%89%EF%BC%8C%E5%B9%B2%E5%87%80%E8%80%8C%E6%B8%A9%E6%9A%96%EF%BC%9B%E6%9B%B4%E5%83%8F%E4%B8%80%E7%9B%B4%E8%93%AC%E5%8B%83%E7%9A%84%E5%90%91%E6%97%A5%E8%91%B5%EF%BC%8C%E6%AD%A3%E5%8A%AA%E5%8A%9B%E5%9C%B0%E5%90%91%E4%B8%8A%E7%94%9F%E9%95%BF%E3%80%82%E7%BB%88%E4%BA%8E%EF%BC%8C%E6%88%91%E5%9C%A8%E8%A7%82%E4%BC%97%E4%BB%AC%E7%9A%84%E6%8E%8C%E5%A3%B0%E4%B8%AD%E9%80%80%E4%BA%86%E5%9C%BA%E3%80%82%E4%BA%8B%E5%90%8E%EF%BC%8C%E6%88%91%E4%B8%80%E7%9B%B4%E5%9C%A8%E6%83%B3%EF%BC%9A%E6%9C%89%E8%87%AA%E4%BF%A1%E4%B8%8D%E4%B8%80%E5%AE%9A%E8%83%BD%E6%88%90%E5%8A%9F%E3%80%82%E4%BD%86%E6%98%AF%EF%BC%8C%E5%A6%82%E6%9E%9C%E4%BD%A0%E5%85%85%E6%BB%A1%E8%87%AA%E4%BF%A1%EF%BC%8C%E5%B0%B1%E6%9C%89%E6%88%90%E5%8A%9F%E7%9A%84%E5%B8%8C%E6%9C%9B%E3%80%82%E8%87%AA%E4%BF%A1%E6%98%AF%E9%A3%9E%E5%90%91%E8%93%9D%E5%A4%A9%E7%9A%84%E7%BF%85%E8%86%80%EF%BC%8C%E6%98%AF%E8%88%AA%E8%A1%8C%E7%9A%84%E8%88%B9%E6%A1%A8%E3%80%82%E5%9C%A8%E4%BB%BB%E4%BD%95%E6%97%B6%E5%80%99%EF%BC%8C%E8%87%AA%E4%BF%A1%E9%83%BD%E4%BC%9A%E5%8A%A9%E4%BD%A0%E4%B8%80%E8%87%82%E4%B9%8B%E5%8A%9B%EF%BC%8C%E5%8A%A9%E4%BD%A0%E5%88%B0%E8%BE%BE%E6%88%90%E5%8A%9F%E7%9A%84%E5%BD%BC%E5%B2%B8%E3%80%82 HTTP/1.1" 200 216288
2020-06-11 22:56:18,204 - D:/python Projects/SophomoreProjects/voice_assistant/voiceComposeByUrl.py[line:48] - INFO: 状态码: 200
2020-06-11 22:56:18,204 - D:/python Projects/SophomoreProjects/voice_assistant/voiceComposeByUrl.py[line:61] - INFO: 正在下载:audio1.mp3

2020-06-11 22:56:28,037 - D:/python Projects/SophomoreProjects/voice_assistant/voiceComposeByUrl.py[line:63] - INFO: audio1.mp3下载完成!!!!!!!!!
2020-06-11 22:56:28,039 - C:\Users\22833\AppData\Local\Programs\Python\Python35\lib\site-packages\urllib3\connectionpool.py[line:813] - DEBUG: Starting new HTTPS connection (1): nls-gateway.cn-shanghai.aliyuncs.com:443
2020-06-11 22:56:30,456 - C:\Users\22833\AppData\Local\Programs\Python\Python35\lib\site-packages\urllib3\connectionpool.py[line:393] - DEBUG: https://nls-gateway.cn-shanghai.aliyuncs.com:443 "GET /stream/v1/tts?appkey=VNSQETOK5RRVSeRH&token=5ed6c3da81644f6cbd16927679ef3a85&format=mp3&voice=Aixia&speech_rate=-200&volume=100&text=%E8%AE%A9%E8%87%AA%E5%B7%B1%E6%88%90%E4%B8%BA%E4%B8%80%E4%B8%AA%E5%85%85%E6%BB%A1%E8%87%AA%E4%BF%A1%E7%9A%84%E4%BA%BA%E5%90%A7%EF%BC%81%E6%88%91%E7%88%B1%E7%AC%AC%E4%B8%80%E6%AC%A1%EF%BC%8C%E4%BB%96%E6%95%99%E4%BC%9A%E4%BA%86%E6%88%91%E6%88%90%E5%8A%9F%E7%9A%84%E7%A7%98%E7%AC%88%EF%BC%9A%E5%85%85%E6%BB%A1%E8%87%AA%E4%BF%A1%EF%BC%8C%E6%8C%91%E6%88%98%E8%87%AA%E4%BF%A1%E3%80%82%2A%E3%80%82 HTTP/1.1" 200 32296
2020-06-11 22:56:30,548 - D:/python Projects/SophomoreProjects/voice_assistant/voiceComposeByUrl.py[line:48] - INFO: 状态码: 200
2020-06-11 22:56:30,549 - D:/python Projects/SophomoreProjects/voice_assistant/voiceComposeByUrl.py[line:61] - INFO: 正在下载:audio2.mp3

2020-06-11 22:56:32,255 - D:/python Projects/SophomoreProjects/voice_assistant/voiceComposeByUrl.py[line:63] - INFO: audio2.mp3下载完成!!!!!!!!!
2020-06-11 22:57:05,365 - C:\Users\22833\AppData\Local\Programs\Python\Python35\lib\site-packages\urllib3\connectionpool.py[line:813] - DEBUG: Starting new HTTPS connection (1): www.baidu.com:443
2020-06-11 22:57:05,877 - C:\Users\22833\AppData\Local\Programs\Python\Python35\lib\site-packages\urllib3\connectionpool.py[line:393] - DEBUG: https://www.baidu.com:443 "GET / HTTP/1.1" 200 None
2020-06-11 22:57:05,880 - C:\Users\22833\AppData\Local\Programs\Python\Python35\lib\site-packages\urllib3\connectionpool.py[line:813] - DEBUG: Starting new HTTPS connection (1): nls-gateway.cn-shanghai.aliyuncs.com:443
2020-06-11 22:57:06,218 - C:\Users\22833\AppData\Local\Programs\Python\Python35\lib\site-packages\urllib3\connectionpool.py[line:393] - DEBUG: https://nls-gateway.cn-shanghai.aliyuncs.com:443 "GET /stream/v1/tts?appkey=VNSQETOK5RRVSeRH&token=5ed6c3da81644f6cbd16927679ef3a85&text=%E4%BD%A0%E5%A5%BD HTTP/1.1" 200 22720
2020-06-11 22:57:06,733 - C:\Users\22833\AppData\Local\Programs\Python\Python35\lib\site-packages\urllib3\connectionpool.py[line:813] - DEBUG: Starting new HTTPS connection (1): nls-gateway.cn-shanghai.aliyuncs.com:443
2020-06-11 22:57:06,734 - C:\Users\22833\AppData\Local\Programs\Python\Python35\lib\site-packages\urllib3\connectionpool.py[line:813] - DEBUG: Starting new HTTPS connection (1): nls-gateway.cn-shanghai.aliyuncs.com:443
2020-06-11 22:57:16,338 - C:\Users\22833\AppData\Local\Programs\Python\Python35\lib\site-packages\urllib3\connectionpool.py[line:393] - DEBUG: https://nls-gateway.cn-shanghai.aliyuncs.com:443 "GET /stream/v1/tts?appkey=VNSQETOK5RRVSeRH&token=5ed6c3da81644f6cbd16927679ef3a85&format=mp3&voice=Aixia&speech_rate=-200&volume=100&text=%E5%A5%BD%E5%9C%A8%E8%BF%99%E6%97%B6%EF%BC%8C%E8%80%81%E5%B8%88%E5%9C%A8%E5%B9%95%E5%B8%83%E6%97%81%E4%B8%8D%E6%96%AD%E5%9C%B0%E9%BC%93%E5%8A%B1%E6%88%91%EF%BC%8C%E5%B0%8F%E5%A3%B0%E5%9C%B0%E8%AF%B4%EF%BC%9A%E2%80%9C%E4%BD%A0%E4%B8%80%E5%AE%9A%E8%83%BD%E8%A1%8C%EF%BC%81%E2%80%9D%E6%88%91%E6%B7%B1%E6%B7%B1%E7%9A%84%E5%90%B8%E4%BA%86%E4%B8%80%E5%8F%A3%E6%B0%94%EF%BC%8C%E5%BE%88%E5%BF%AB%E9%95%87%E9%9D%99%E4%B8%8B%E6%9D%A5%E3%80%82%E6%88%91%E5%BE%AE%E7%AC%91%E7%9D%80%E8%87%AA%E4%BF%A1%E5%9C%B0%E8%B5%B0%E4%B8%8A%E4%BA%86%E8%88%9E%E5%8F%B0%E3%80%82%E4%B8%80%E4%B8%8A%E5%8F%B0%EF%BC%8C%E6%88%91%E5%B0%B1%E5%A5%BD%E5%83%8F%E7%BD%AE%E4%BA%8E%E4%B8%80%E6%B1%A0%E7%A2%A7%E6%B0%B4%E4%B8%AD%EF%BC%8C%E8%BA%AB%E4%BD%93%E5%8F%98%E5%BE%97%E9%82%A3%E6%A0%B7%E7%9A%84%E8%88%92%E5%B1%95%EF%BC%8C%E8%B7%B3%E7%9A%84%E6%AF%8F%E4%B8%80%E4%B8%AA%E5%8A%A8%E4%BD%9C%E9%83%BD%E6%98%AF%E9%82%A3%E4%B9%88%E5%A8%B4%E7%86%9F%E8%80%8C%E8%87%AA%E7%84%B6%E3%80%82%E9%82%A3%E9%9F%B3%E4%B9%90%E5%A6%82%E6%BD%BA%E6%BD%BA%E7%9A%84%E6%BA%AA%E6%B0%B4%EF%BC%8C%E9%95%81%E5%85%89%E7%81%AF%E4%B9%9F%E5%A6%82%E6%AD%A3%E5%8D%88%E7%9A%84%E6%9A%96%E9%98%B3%E3%80%82%E6%88%91%E7%9A%84%E8%88%9E%E5%A7%BF%E7%8A%B9%E5%A6%82%E4%B8%80%E5%8F%AA%E5%82%B2%E6%B0%94%E7%9A%84%E7%99%BD%E5%A4%A9%E9%B9%85%E5%9C%A8%E6%B9%96%E9%9D%A2%E4%B8%8A%E6%B8%B8%E5%8A%A8%EF%BC%9B%E5%8F%88%E5%83%8F%E4%B8%80%E7%BC%95%E7%BA%AF%E6%B4%81%E7%9A%84%E9%98%B3%E5%85%89%EF%BC%8C%E5%B9%B2%E5%87%80%E8%80%8C%E6%B8%A9%E6%9A%96%EF%BC%9B%E6%9B%B4%E5%83%8F%E4%B8%80%E7%9B%B4%E8%93%AC%E5%8B%83%E7%9A%84%E5%90%91%E6%97%A5%E8%91%B5%EF%BC%8C%E6%AD%A3%E5%8A%AA%E5%8A%9B%E5%9C%B0%E5%90%91%E4%B8%8A%E7%94%9F%E9%95%BF%E3%80%82%E7%BB%88%E4%BA%8E%EF%BC%8C%E6%88%91%E5%9C%A8%E8%A7%82%E4%BC%97%E4%BB%AC%E7%9A%84%E6%8E%8C%E5%A3%B0%E4%B8%AD%E9%80%80%E4%BA%86%E5%9C%BA%E3%80%82%E4%BA%8B%E5%90%8E%EF%BC%8C%E6%88%91%E4%B8%80%E7%9B%B4%E5%9C%A8%E6%83%B3%EF%BC%9A%E6%9C%89%E8%87%AA%E4%BF%A1%E4%B8%8D%E4%B8%80%E5%AE%9A%E8%83%BD%E6%88%90%E5%8A%9F%E3%80%82%E4%BD%86%E6%98%AF%EF%BC%8C%E5%A6%82%E6%9E%9C%E4%BD%A0%E5%85%85%E6%BB%A1%E8%87%AA%E4%BF%A1%EF%BC%8C%E5%B0%B1%E6%9C%89%E6%88%90%E5%8A%9F%E7%9A%84%E5%B8%8C%E6%9C%9B%E3%80%82%E8%87%AA%E4%BF%A1%E6%98%AF%E9%A3%9E%E5%90%91%E8%93%9D%E5%A4%A9%E7%9A%84%E7%BF%85%E8%86%80%EF%BC%8C%E6%98%AF%E8%88%AA%E8%A1%8C%E7%9A%84%E8%88%B9%E6%A1%A8%E3%80%82%E5%9C%A8%E4%BB%BB%E4%BD%95%E6%97%B6%E5%80%99%EF%BC%8C%E8%87%AA%E4%BF%A1%E9%83%BD%E4%BC%9A%E5%8A%A9%E4%BD%A0%E4%B8%80%E8%87%82%E4%B9%8B%E5%8A%9B%EF%BC%8C%E5%8A%A9%E4%BD%A0%E5%88%B0%E8%BE%BE%E6%88%90%E5%8A%9F%E7%9A%84%E5%BD%BC%E5%B2%B8%E3%80%82 HTTP/1.1" 200 216144
2020-06-11 22:57:17,058 - D:/python Projects/SophomoreProjects/voice_assistant/voiceComposeByUrl.py[line:48] - INFO: 状态码: 200
2020-06-11 22:57:17,058 - D:/python Projects/SophomoreProjects/voice_assistant/voiceComposeByUrl.py[line:61] - INFO: 正在下载:audio1.mp3

2020-06-11 22:57:18,713 - C:\Users\22833\AppData\Local\Programs\Python\Python35\lib\site-packages\urllib3\connectionpool.py[line:393] - DEBUG: https://nls-gateway.cn-shanghai.aliyuncs.com:443 "GET /stream/v1/tts?appkey=VNSQETOK5RRVSeRH&token=5ed6c3da81644f6cbd16927679ef3a85&format=mp3&voice=Aixia&speech_rate=-200&volume=100&text=%E5%B2%81%E6%9C%88%E5%8C%86%E5%8C%86%E8%80%8C%E8%BF%87%EF%BC%8C%E6%82%84%E6%82%84%E5%9B%9E%E9%A6%96%EF%BC%8C%E6%88%91%E5%B7%B2%E8%B5%B0%E8%BF%9B%E5%B0%8F%E5%AD%A6%E7%94%9F%E6%B4%BB%E8%BF%91%E5%85%AD%E5%B9%B4%E4%BA%86%EF%BC%8C%E5%BF%B5%E5%8F%8A%E5%BE%80%E4%BA%8B%EF%BC%8C%E4%B8%8D%E7%94%9F%E5%94%8F%E5%98%98%E3%80%82%E9%82%A3%E4%BA%BA%E7%94%9F%E9%81%93%E8%B7%AF%E4%B8%8A%E7%9A%84%E6%97%A0%E6%95%B0%E4%B8%AA%E7%AC%AC%E4%B8%80%E6%AC%A1%E5%B0%B1%E5%83%8F%E6%B3%A2%E6%B6%9B%E8%B5%B7%E4%BC%8F%E7%9A%84%E6%B5%B7%E6%B5%AA%EF%BC%8C%E8%8D%A1%E6%BC%BE%E5%9C%A8%E6%88%91%E7%9A%84%E5%BF%83%E5%A4%B4%E3%80%82%E6%98%AF%E9%82%A3%E6%A0%B7%E7%9A%84%E4%BA%B2%E5%88%87%E8%80%8C%E6%9C%89%E7%86%9F%E6%82%89%EF%BC%8C%E5%8F%88%E6%98%AF%E9%82%A3%E6%A0%B7%E7%9A%84%E7%BE%8E%E5%A5%BD%E8%80%8C%E5%92%8C%E8%B0%90%E3%80%82%E7%AC%AC%E4%B8%80%E6%AC%A1%E4%B8%8A%E5%8F%B0%E8%A1%A8%E6%BC%94%E7%9A%84%E7%BB%8F%E5%8E%86%E5%B0%B1%E4%B8%80%E7%9B%B4%E4%BD%BF%E6%88%91%E4%B8%8D%E8%83%BD%E5%BF%98%E6%80%80%E3%80%82%E9%82%A3%E6%98%AF%E6%88%91%E5%9C%A8%E4%BA%94%E5%B2%81%E7%AC%AC%E4%B8%80%E6%AC%A1%E4%B8%8A%E5%8F%B0%E6%97%B6%EF%BC%8C%E5%9C%A8%E4%B8%8A%E5%8F%B0%E5%89%8D%EF%BC%8C%E6%88%91%E7%9A%84%E5%BF%83%E5%BF%90%E5%BF%91%E4%B8%8D%E5%AE%89%EF%BC%8C%E6%80%BB%E6%98%AF%E6%97%A0%E6%B3%95%E8%B0%83%E6%95%B4%E5%87%BA%E5%A5%BD%E7%9A%84%E6%83%85%E7%BB%AA%E3%80%82%E5%BC%80%E5%A7%8B%E8%A1%A8%E6%BC%94%E4%BA%86%EF%BC%8C%E5%BC%BA%E7%83%88%E7%9A%84%E9%95%81%E5%85%89%E7%81%AF%E7%9B%B4%E5%B0%84%E4%B8%8B%E6%9D%A5%EF%BC%8C%E5%B0%B1%E5%83%8F%E4%B8%80%E5%8F%8C%E7%8A%80%E5%88%A9%E7%9A%84%E7%9C%BC%E7%9D%9B%EF%BC%8C%E7%9B%AF%E7%9D%80%E6%88%91%E5%96%98%E4%B8%8D%E8%BF%87%E6%B0%94%E6%9D%A5%E3%80%82%E6%88%91%E5%B0%B1%E6%9B%B4%E7%B4%A7%E5%BC%A0%E4%BA%86%E3%80%82%E5%BD%93%E6%88%91%E7%9C%8B%E5%88%B0%E5%8F%B0%E4%B8%8B%E8%BF%99%E4%B9%88%E5%A4%9A%E4%BA%BA%E7%9A%84%E7%9B%AE%E5%85%89%E8%81%9A%E9%9B%86%E5%9C%A8%E6%88%91%E7%9A%84%E8%BA%AB%E4%B8%8A%EF%BC%8C%E5%8E%9F%E6%9D%A5%E5%B0%B1%E6%8B%85%E5%BF%83%E7%9A%84%E6%88%91%E4%B8%80%E4%B8%8B%E5%AD%90%E5%BF%98%E4%BA%86%E8%87%AA%E5%B7%B1%E7%9A%84%E5%8A%A8%E4%BD%9C%EF%BC%8C%E5%82%BB%E5%91%86%E5%91%86%E7%9A%84%E7%AB%99%E5%9C%A8%E5%B9%95%E5%B8%83%E6%97%81%E3%80%82%E9%82%A3%E4%B8%80%E5%88%B9%E9%82%A3%EF%BC%8C%E6%88%91%E5%90%AC%E5%88%B0%E7%9A%84%E9%9F%B3%E4%B9%90%E5%B0%B1%E5%83%8F%E5%A5%94%E9%A9%B0%E7%9A%84%E9%87%8E%E9%A9%AC%EF%BC%8C%E5%97%A1%E5%97%A1%E4%BD%9C%E5%93%8D%EF%BC%9B%E9%95%81%E5%85%89%E7%81%AF%E5%88%99%E6%98%AF%E4%B8%80%E6%8A%8A%E9%94%8B%E5%88%A9%E8%80%8C%E5%B0%96%E9%94%90%E7%9A%84%E7%AE%AD%EF%BC%8C%E5%B0%84%E8%BF%9B%E4%BA%86%E6%88%91%E7%9A%84%E5%86%85%E5%BF%83%E6%B7%B1%E5%A4%84%E3%80%82 HTTP/1.1" 200 220176
2020-06-11 22:57:19,411 - D:/python Projects/SophomoreProjects/voice_assistant/voiceComposeByUrl.py[line:48] - INFO: 状态码: 200
2020-06-11 22:57:19,411 - D:/python Projects/SophomoreProjects/voice_assistant/voiceComposeByUrl.py[line:61] - INFO: 正在下载:audio0.mp3

2020-06-11 22:57:26,769 - D:/python Projects/SophomoreProjects/voice_assistant/voiceComposeByUrl.py[line:63] - INFO: audio1.mp3下载完成!!!!!!!!!
2020-06-11 22:57:27,271 - C:\Users\22833\AppData\Local\Programs\Python\Python35\lib\site-packages\urllib3\connectionpool.py[line:813] - DEBUG: Starting new HTTPS connection (1): nls-gateway.cn-shanghai.aliyuncs.com:443
2020-06-11 22:57:28,938 - C:\Users\22833\AppData\Local\Programs\Python\Python35\lib\site-packages\urllib3\connectionpool.py[line:393] - DEBUG: https://nls-gateway.cn-shanghai.aliyuncs.com:443 "GET /stream/v1/tts?appkey=VNSQETOK5RRVSeRH&token=5ed6c3da81644f6cbd16927679ef3a85&format=mp3&voice=Aixia&speech_rate=-200&volume=100&text=%E8%AE%A9%E8%87%AA%E5%B7%B1%E6%88%90%E4%B8%BA%E4%B8%80%E4%B8%AA%E5%85%85%E6%BB%A1%E8%87%AA%E4%BF%A1%E7%9A%84%E4%BA%BA%E5%90%A7%EF%BC%81%E6%88%91%E7%88%B1%E7%AC%AC%E4%B8%80%E6%AC%A1%EF%BC%8C%E4%BB%96%E6%95%99%E4%BC%9A%E4%BA%86%E6%88%91%E6%88%90%E5%8A%9F%E7%9A%84%E7%A7%98%E7%AC%88%EF%BC%9A%E5%85%85%E6%BB%A1%E8%87%AA%E4%BF%A1%EF%BC%8C%E6%8C%91%E6%88%98%E8%87%AA%E4%BF%A1%E3%80%82%2A%E3%80%82 HTTP/1.1" 200 32296
2020-06-11 22:57:29,025 - D:/python Projects/SophomoreProjects/voice_assistant/voiceComposeByUrl.py[line:48] - INFO: 状态码: 200
2020-06-11 22:57:29,025 - D:/python Projects/SophomoreProjects/voice_assistant/voiceComposeByUrl.py[line:61] - INFO: 正在下载:audio2.mp3

2020-06-11 22:57:30,249 - D:/python Projects/SophomoreProjects/voice_assistant/voiceComposeByUrl.py[line:63] - INFO: audio0.mp3下载完成!!!!!!!!!
2020-06-11 22:57:30,793 - D:/python Projects/SophomoreProjects/voice_assistant/voiceComposeByUrl.py[line:63] - INFO: audio2.mp3下载完成!!!!!!!!!
2020-06-11 22:59:14,832 - D:/python Projects/SophomoreProjects/voice_assistant/GUI.py[line:825] - INFO: **************************************开始记录**************************************
2020-06-11 22:59:15,323 - D:/python Projects/SophomoreProjects/voice_assistant/GUI.py[line:288] - INFO: 读取json语音合成历史信息成功
2020-06-11 22:59:35,749 - D:/python Projects/SophomoreProjects/voice_assistant/GUI.py[line:180] - INFO: appkey = VNSQETOK5RRVSeRH
2020-06-11 22:59:35,749 - D:/python Projects/SophomoreProjects/voice_assistant/GUI.py[line:181] - INFO: token = 5ed6c3da81644f6cbd16927679ef3a85
2020-06-11 22:59:35,749 - D:/python Projects/SophomoreProjects/voice_assistant/GUI.py[line:182] - INFO: speech_rate = -100
2020-06-11 22:59:35,749 - D:/python Projects/SophomoreProjects/voice_assistant/GUI.py[line:183] - INFO: volume = 100
2020-06-11 22:59:35,749 - D:/python Projects/SophomoreProjects/voice_assistant/GUI.py[line:184] - INFO: file_name = AUDIO_2020611_225935_
2020-06-11 22:59:35,749 - D:/python Projects/SophomoreProjects/voice_assistant/GUI.py[line:185] - INFO: text = 岁月匆匆而过，悄悄回首，我已走进小学生活近六年了，念及往事，不生唏嘘。那人生道路上的无数个第一次就像波涛起伏的海浪，荡漾在我的心头。是那样的亲切而有熟悉，又是那样的美好而和谐。第一次上台表演的经历就一直使我不能忘怀。那是我在五岁第一次上台时，在上台前，我的心忐忑不安，总是无法调整出好的情绪。开始表演了，强烈的镁光灯直射下来，就像一双犀利的眼睛，盯着我喘不过气来。我就更紧张了。当我看到台下这么多人的目光聚集在我的身上，原来就担心的我一下子忘了自己的动作，傻呆呆的站在幕布旁。那一刹那，我听到的音乐就像奔驰的野马，嗡嗡作响；镁光灯则是一把锋利而尖锐的箭，射进了我的内心深处。好在这时，老师在幕布旁不断地鼓励我，小声地说：“你一定能行！”我深深的吸了一口气，很快镇静下来。我微笑着自信地走上了舞台。一上台，我就好像置于一池碧水中，身体变得那样的舒展，跳的每一个动作都是那么娴熟而自然。那音乐如潺潺的溪水，镁光灯也如正午的暖阳。我的舞姿犹如一只傲气的白天鹅在湖面上游动；又像一缕纯洁的阳光，干净而温暖；更像一直蓬勃的向日葵，正努力地向上生长。终于，我在观众们的掌声中退了场。事后，我一直在想：有自信不一定能成功。但是，如果你充满自信，就有成功的希望。自信是飞向蓝天的翅膀，是航行的船桨。在任何时候，自信都会助你一臂之力，助你到达成功的彼岸。让自己成为一个充满自信的人吧！我爱第一次，他教会了我成功的秘笈：充满自信，挑战自信。
2020-06-11 22:59:35,749 - D:/python Projects/SophomoreProjects/voice_assistant/GUI.py[line:186] - INFO: format = mp3
2020-06-11 22:59:35,749 - D:/python Projects/SophomoreProjects/voice_assistant/GUI.py[line:187] - INFO: voice = 艾夏__Aixia
2020-06-11 22:59:35,749 - D:/python Projects/SophomoreProjects/voice_assistant/GUI.py[line:188] - INFO: 参数填写完毕
2020-06-11 22:59:35,750 - D:/python Projects/SophomoreProjects/voice_assistant/GUI.py[line:190] - INFO: 写入json文件信息成功
2020-06-11 22:59:35,753 - C:\Users\22833\AppData\Local\Programs\Python\Python35\lib\site-packages\urllib3\connectionpool.py[line:813] - DEBUG: Starting new HTTPS connection (1): www.baidu.com:443
2020-06-11 22:59:37,086 - C:\Users\22833\AppData\Local\Programs\Python\Python35\lib\site-packages\urllib3\connectionpool.py[line:393] - DEBUG: https://www.baidu.com:443 "GET / HTTP/1.1" 200 None
2020-06-11 22:59:37,089 - C:\Users\22833\AppData\Local\Programs\Python\Python35\lib\site-packages\urllib3\connectionpool.py[line:813] - DEBUG: Starting new HTTPS connection (1): nls-gateway.cn-shanghai.aliyuncs.com:443
2020-06-11 22:59:37,383 - C:\Users\22833\AppData\Local\Programs\Python\Python35\lib\site-packages\urllib3\connectionpool.py[line:393] - DEBUG: https://nls-gateway.cn-shanghai.aliyuncs.com:443 "GET /stream/v1/tts?appkey=VNSQETOK5RRVSeRH&token=5ed6c3da81644f6cbd16927679ef3a85&text=%E4%BD%A0%E5%A5%BD HTTP/1.1" 200 22720
2020-06-11 22:59:37,427 - D:/python Projects/SophomoreProjects/voice_assistant/GUI.py[line:139] - INFO: success
2020-06-11 22:59:37,933 - C:\Users\22833\AppData\Local\Programs\Python\Python35\lib\site-packages\urllib3\connectionpool.py[line:813] - DEBUG: Starting new HTTPS connection (1): nls-gateway.cn-shanghai.aliyuncs.com:443
2020-06-11 22:59:37,934 - C:\Users\22833\AppData\Local\Programs\Python\Python35\lib\site-packages\urllib3\connectionpool.py[line:813] - DEBUG: Starting new HTTPS connection (1): nls-gateway.cn-shanghai.aliyuncs.com:443
2020-06-11 22:59:47,779 - C:\Users\22833\AppData\Local\Programs\Python\Python35\lib\site-packages\urllib3\connectionpool.py[line:393] - DEBUG: https://nls-gateway.cn-shanghai.aliyuncs.com:443 "GET /stream/v1/tts?appkey=VNSQETOK5RRVSeRH&token=5ed6c3da81644f6cbd16927679ef3a85&format=mp3&voice=Aixia&speech_rate=-100&volume=100&text=%E5%A5%BD%E5%9C%A8%E8%BF%99%E6%97%B6%EF%BC%8C%E8%80%81%E5%B8%88%E5%9C%A8%E5%B9%95%E5%B8%83%E6%97%81%E4%B8%8D%E6%96%AD%E5%9C%B0%E9%BC%93%E5%8A%B1%E6%88%91%EF%BC%8C%E5%B0%8F%E5%A3%B0%E5%9C%B0%E8%AF%B4%EF%BC%9A%E2%80%9C%E4%BD%A0%E4%B8%80%E5%AE%9A%E8%83%BD%E8%A1%8C%EF%BC%81%E2%80%9D%E6%88%91%E6%B7%B1%E6%B7%B1%E7%9A%84%E5%90%B8%E4%BA%86%E4%B8%80%E5%8F%A3%E6%B0%94%EF%BC%8C%E5%BE%88%E5%BF%AB%E9%95%87%E9%9D%99%E4%B8%8B%E6%9D%A5%E3%80%82%E6%88%91%E5%BE%AE%E7%AC%91%E7%9D%80%E8%87%AA%E4%BF%A1%E5%9C%B0%E8%B5%B0%E4%B8%8A%E4%BA%86%E8%88%9E%E5%8F%B0%E3%80%82%E4%B8%80%E4%B8%8A%E5%8F%B0%EF%BC%8C%E6%88%91%E5%B0%B1%E5%A5%BD%E5%83%8F%E7%BD%AE%E4%BA%8E%E4%B8%80%E6%B1%A0%E7%A2%A7%E6%B0%B4%E4%B8%AD%EF%BC%8C%E8%BA%AB%E4%BD%93%E5%8F%98%E5%BE%97%E9%82%A3%E6%A0%B7%E7%9A%84%E8%88%92%E5%B1%95%EF%BC%8C%E8%B7%B3%E7%9A%84%E6%AF%8F%E4%B8%80%E4%B8%AA%E5%8A%A8%E4%BD%9C%E9%83%BD%E6%98%AF%E9%82%A3%E4%B9%88%E5%A8%B4%E7%86%9F%E8%80%8C%E8%87%AA%E7%84%B6%E3%80%82%E9%82%A3%E9%9F%B3%E4%B9%90%E5%A6%82%E6%BD%BA%E6%BD%BA%E7%9A%84%E6%BA%AA%E6%B0%B4%EF%BC%8C%E9%95%81%E5%85%89%E7%81%AF%E4%B9%9F%E5%A6%82%E6%AD%A3%E5%8D%88%E7%9A%84%E6%9A%96%E9%98%B3%E3%80%82%E6%88%91%E7%9A%84%E8%88%9E%E5%A7%BF%E7%8A%B9%E5%A6%82%E4%B8%80%E5%8F%AA%E5%82%B2%E6%B0%94%E7%9A%84%E7%99%BD%E5%A4%A9%E9%B9%85%E5%9C%A8%E6%B9%96%E9%9D%A2%E4%B8%8A%E6%B8%B8%E5%8A%A8%EF%BC%9B%E5%8F%88%E5%83%8F%E4%B8%80%E7%BC%95%E7%BA%AF%E6%B4%81%E7%9A%84%E9%98%B3%E5%85%89%EF%BC%8C%E5%B9%B2%E5%87%80%E8%80%8C%E6%B8%A9%E6%9A%96%EF%BC%9B%E6%9B%B4%E5%83%8F%E4%B8%80%E7%9B%B4%E8%93%AC%E5%8B%83%E7%9A%84%E5%90%91%E6%97%A5%E8%91%B5%EF%BC%8C%E6%AD%A3%E5%8A%AA%E5%8A%9B%E5%9C%B0%E5%90%91%E4%B8%8A%E7%94%9F%E9%95%BF%E3%80%82%E7%BB%88%E4%BA%8E%EF%BC%8C%E6%88%91%E5%9C%A8%E8%A7%82%E4%BC%97%E4%BB%AC%E7%9A%84%E6%8E%8C%E5%A3%B0%E4%B8%AD%E9%80%80%E4%BA%86%E5%9C%BA%E3%80%82%E4%BA%8B%E5%90%8E%EF%BC%8C%E6%88%91%E4%B8%80%E7%9B%B4%E5%9C%A8%E6%83%B3%EF%BC%9A%E6%9C%89%E8%87%AA%E4%BF%A1%E4%B8%8D%E4%B8%80%E5%AE%9A%E8%83%BD%E6%88%90%E5%8A%9F%E3%80%82%E4%BD%86%E6%98%AF%EF%BC%8C%E5%A6%82%E6%9E%9C%E4%BD%A0%E5%85%85%E6%BB%A1%E8%87%AA%E4%BF%A1%EF%BC%8C%E5%B0%B1%E6%9C%89%E6%88%90%E5%8A%9F%E7%9A%84%E5%B8%8C%E6%9C%9B%E3%80%82%E8%87%AA%E4%BF%A1%E6%98%AF%E9%A3%9E%E5%90%91%E8%93%9D%E5%A4%A9%E7%9A%84%E7%BF%85%E8%86%80%EF%BC%8C%E6%98%AF%E8%88%AA%E8%A1%8C%E7%9A%84%E8%88%B9%E6%A1%A8%E3%80%82%E5%9C%A8%E4%BB%BB%E4%BD%95%E6%97%B6%E5%80%99%EF%BC%8C%E8%87%AA%E4%BF%A1%E9%83%BD%E4%BC%9A%E5%8A%A9%E4%BD%A0%E4%B8%80%E8%87%82%E4%B9%8B%E5%8A%9B%EF%BC%8C%E5%8A%A9%E4%BD%A0%E5%88%B0%E8%BE%BE%E6%88%90%E5%8A%9F%E7%9A%84%E5%BD%BC%E5%B2%B8%E3%80%82 HTTP/1.1" 200 202320
2020-06-11 22:59:47,897 - D:/python Projects/SophomoreProjects/voice_assistant/GUI.py[line:151] - INFO: 音频合成成功
2020-06-11 22:59:48,385 - D:\python Projects\SophomoreProjects\voice_assistant\voiceComposeByUrl.py[line:48] - INFO: 状态码: 200
2020-06-11 22:59:48,386 - D:\python Projects\SophomoreProjects\voice_assistant\voiceComposeByUrl.py[line:61] - INFO: 正在下载:AUDIO_2020611_225935_1.mp3

2020-06-11 22:59:50,644 - C:\Users\22833\AppData\Local\Programs\Python\Python35\lib\site-packages\urllib3\connectionpool.py[line:393] - DEBUG: https://nls-gateway.cn-shanghai.aliyuncs.com:443 "GET /stream/v1/tts?appkey=VNSQETOK5RRVSeRH&token=5ed6c3da81644f6cbd16927679ef3a85&format=mp3&voice=Aixia&speech_rate=-100&volume=100&text=%E5%B2%81%E6%9C%88%E5%8C%86%E5%8C%86%E8%80%8C%E8%BF%87%EF%BC%8C%E6%82%84%E6%82%84%E5%9B%9E%E9%A6%96%EF%BC%8C%E6%88%91%E5%B7%B2%E8%B5%B0%E8%BF%9B%E5%B0%8F%E5%AD%A6%E7%94%9F%E6%B4%BB%E8%BF%91%E5%85%AD%E5%B9%B4%E4%BA%86%EF%BC%8C%E5%BF%B5%E5%8F%8A%E5%BE%80%E4%BA%8B%EF%BC%8C%E4%B8%8D%E7%94%9F%E5%94%8F%E5%98%98%E3%80%82%E9%82%A3%E4%BA%BA%E7%94%9F%E9%81%93%E8%B7%AF%E4%B8%8A%E7%9A%84%E6%97%A0%E6%95%B0%E4%B8%AA%E7%AC%AC%E4%B8%80%E6%AC%A1%E5%B0%B1%E5%83%8F%E6%B3%A2%E6%B6%9B%E8%B5%B7%E4%BC%8F%E7%9A%84%E6%B5%B7%E6%B5%AA%EF%BC%8C%E8%8D%A1%E6%BC%BE%E5%9C%A8%E6%88%91%E7%9A%84%E5%BF%83%E5%A4%B4%E3%80%82%E6%98%AF%E9%82%A3%E6%A0%B7%E7%9A%84%E4%BA%B2%E5%88%87%E8%80%8C%E6%9C%89%E7%86%9F%E6%82%89%EF%BC%8C%E5%8F%88%E6%98%AF%E9%82%A3%E6%A0%B7%E7%9A%84%E7%BE%8E%E5%A5%BD%E8%80%8C%E5%92%8C%E8%B0%90%E3%80%82%E7%AC%AC%E4%B8%80%E6%AC%A1%E4%B8%8A%E5%8F%B0%E8%A1%A8%E6%BC%94%E7%9A%84%E7%BB%8F%E5%8E%86%E5%B0%B1%E4%B8%80%E7%9B%B4%E4%BD%BF%E6%88%91%E4%B8%8D%E8%83%BD%E5%BF%98%E6%80%80%E3%80%82%E9%82%A3%E6%98%AF%E6%88%91%E5%9C%A8%E4%BA%94%E5%B2%81%E7%AC%AC%E4%B8%80%E6%AC%A1%E4%B8%8A%E5%8F%B0%E6%97%B6%EF%BC%8C%E5%9C%A8%E4%B8%8A%E5%8F%B0%E5%89%8D%EF%BC%8C%E6%88%91%E7%9A%84%E5%BF%83%E5%BF%90%E5%BF%91%E4%B8%8D%E5%AE%89%EF%BC%8C%E6%80%BB%E6%98%AF%E6%97%A0%E6%B3%95%E8%B0%83%E6%95%B4%E5%87%BA%E5%A5%BD%E7%9A%84%E6%83%85%E7%BB%AA%E3%80%82%E5%BC%80%E5%A7%8B%E8%A1%A8%E6%BC%94%E4%BA%86%EF%BC%8C%E5%BC%BA%E7%83%88%E7%9A%84%E9%95%81%E5%85%89%E7%81%AF%E7%9B%B4%E5%B0%84%E4%B8%8B%E6%9D%A5%EF%BC%8C%E5%B0%B1%E5%83%8F%E4%B8%80%E5%8F%8C%E7%8A%80%E5%88%A9%E7%9A%84%E7%9C%BC%E7%9D%9B%EF%BC%8C%E7%9B%AF%E7%9D%80%E6%88%91%E5%96%98%E4%B8%8D%E8%BF%87%E6%B0%94%E6%9D%A5%E3%80%82%E6%88%91%E5%B0%B1%E6%9B%B4%E7%B4%A7%E5%BC%A0%E4%BA%86%E3%80%82%E5%BD%93%E6%88%91%E7%9C%8B%E5%88%B0%E5%8F%B0%E4%B8%8B%E8%BF%99%E4%B9%88%E5%A4%9A%E4%BA%BA%E7%9A%84%E7%9B%AE%E5%85%89%E8%81%9A%E9%9B%86%E5%9C%A8%E6%88%91%E7%9A%84%E8%BA%AB%E4%B8%8A%EF%BC%8C%E5%8E%9F%E6%9D%A5%E5%B0%B1%E6%8B%85%E5%BF%83%E7%9A%84%E6%88%91%E4%B8%80%E4%B8%8B%E5%AD%90%E5%BF%98%E4%BA%86%E8%87%AA%E5%B7%B1%E7%9A%84%E5%8A%A8%E4%BD%9C%EF%BC%8C%E5%82%BB%E5%91%86%E5%91%86%E7%9A%84%E7%AB%99%E5%9C%A8%E5%B9%95%E5%B8%83%E6%97%81%E3%80%82%E9%82%A3%E4%B8%80%E5%88%B9%E9%82%A3%EF%BC%8C%E6%88%91%E5%90%AC%E5%88%B0%E7%9A%84%E9%9F%B3%E4%B9%90%E5%B0%B1%E5%83%8F%E5%A5%94%E9%A9%B0%E7%9A%84%E9%87%8E%E9%A9%AC%EF%BC%8C%E5%97%A1%E5%97%A1%E4%BD%9C%E5%93%8D%EF%BC%9B%E9%95%81%E5%85%89%E7%81%AF%E5%88%99%E6%98%AF%E4%B8%80%E6%8A%8A%E9%94%8B%E5%88%A9%E8%80%8C%E5%B0%96%E9%94%90%E7%9A%84%E7%AE%AD%EF%BC%8C%E5%B0%84%E8%BF%9B%E4%BA%86%E6%88%91%E7%9A%84%E5%86%85%E5%BF%83%E6%B7%B1%E5%A4%84%E3%80%82 HTTP/1.1" 200 206208
2020-06-11 22:59:51,259 - D:\python Projects\SophomoreProjects\voice_assistant\voiceComposeByUrl.py[line:48] - INFO: 状态码: 200
2020-06-11 22:59:51,260 - D:\python Projects\SophomoreProjects\voice_assistant\voiceComposeByUrl.py[line:61] - INFO: 正在下载:AUDIO_2020611_225935_0.mp3

2020-06-11 23:00:02,323 - D:\python Projects\SophomoreProjects\voice_assistant\voiceComposeByUrl.py[line:63] - INFO: AUDIO_2020611_225935_1.mp3下载完成!!!!!!!!!
2020-06-11 23:00:02,368 - D:\python Projects\SophomoreProjects\voice_assistant\voiceComposeByUrl.py[line:63] - INFO: AUDIO_2020611_225935_0.mp3下载完成!!!!!!!!!
2020-06-11 23:00:02,827 - C:\Users\22833\AppData\Local\Programs\Python\Python35\lib\site-packages\urllib3\connectionpool.py[line:813] - DEBUG: Starting new HTTPS connection (1): nls-gateway.cn-shanghai.aliyuncs.com:443
2020-06-11 23:00:04,439 - C:\Users\22833\AppData\Local\Programs\Python\Python35\lib\site-packages\urllib3\connectionpool.py[line:393] - DEBUG: https://nls-gateway.cn-shanghai.aliyuncs.com:443 "GET /stream/v1/tts?appkey=VNSQETOK5RRVSeRH&token=5ed6c3da81644f6cbd16927679ef3a85&format=mp3&voice=Aixia&speech_rate=-100&volume=100&text=%E8%AE%A9%E8%87%AA%E5%B7%B1%E6%88%90%E4%B8%BA%E4%B8%80%E4%B8%AA%E5%85%85%E6%BB%A1%E8%87%AA%E4%BF%A1%E7%9A%84%E4%BA%BA%E5%90%A7%EF%BC%81%E6%88%91%E7%88%B1%E7%AC%AC%E4%B8%80%E6%AC%A1%EF%BC%8C%E4%BB%96%E6%95%99%E4%BC%9A%E4%BA%86%E6%88%91%E6%88%90%E5%8A%9F%E7%9A%84%E7%A7%98%E7%AC%88%EF%BC%9A%E5%85%85%E6%BB%A1%E8%87%AA%E4%BF%A1%EF%BC%8C%E6%8C%91%E6%88%98%E8%87%AA%E4%BF%A1%E3%80%82 HTTP/1.1" 200 29088
2020-06-11 23:00:04,486 - D:\python Projects\SophomoreProjects\voice_assistant\voiceComposeByUrl.py[line:48] - INFO: 状态码: 200
2020-06-11 23:00:04,486 - D:\python Projects\SophomoreProjects\voice_assistant\voiceComposeByUrl.py[line:61] - INFO: 正在下载:AUDIO_2020611_225935_2.mp3

2020-06-11 23:00:06,500 - D:\python Projects\SophomoreProjects\voice_assistant\voiceComposeByUrl.py[line:63] - INFO: AUDIO_2020611_225935_2.mp3下载完成!!!!!!!!!
2020-06-11 23:01:31,736 - D:/python Projects/SophomoreProjects/voice_assistant/GUI.py[line:180] - INFO: appkey = VNSQETOK5RRVSeRH
2020-06-11 23:01:31,736 - D:/python Projects/SophomoreProjects/voice_assistant/GUI.py[line:181] - INFO: token = 5ed6c3da81644f6cbd16927679ef3a85
2020-06-11 23:01:31,736 - D:/python Projects/SophomoreProjects/voice_assistant/GUI.py[line:182] - INFO: speech_rate = -100
2020-06-11 23:01:31,736 - D:/python Projects/SophomoreProjects/voice_assistant/GUI.py[line:183] - INFO: volume = 100
2020-06-11 23:01:31,736 - D:/python Projects/SophomoreProjects/voice_assistant/GUI.py[line:184] - INFO: file_name = AUDIO_2020611_23131_
2020-06-11 23:01:31,736 - D:/python Projects/SophomoreProjects/voice_assistant/GUI.py[line:185] - INFO: text = 是这样的，欠款相关的情况呢，可以在您的支付宝查看，您记得处理一下这个事情。
2020-06-11 23:01:31,736 - D:/python Projects/SophomoreProjects/voice_assistant/GUI.py[line:186] - INFO: format = mp3
2020-06-11 23:01:31,736 - D:/python Projects/SophomoreProjects/voice_assistant/GUI.py[line:187] - INFO: voice = 艾夏__Aixia
2020-06-11 23:01:31,736 - D:/python Projects/SophomoreProjects/voice_assistant/GUI.py[line:188] - INFO: 参数填写完毕
2020-06-11 23:01:31,737 - D:/python Projects/SophomoreProjects/voice_assistant/GUI.py[line:190] - INFO: 写入json文件信息成功
2020-06-11 23:01:31,738 - C:\Users\22833\AppData\Local\Programs\Python\Python35\lib\site-packages\urllib3\connectionpool.py[line:813] - DEBUG: Starting new HTTPS connection (1): www.baidu.com:443
2020-06-11 23:01:31,946 - C:\Users\22833\AppData\Local\Programs\Python\Python35\lib\site-packages\urllib3\connectionpool.py[line:393] - DEBUG: https://www.baidu.com:443 "GET / HTTP/1.1" 200 None
2020-06-11 23:01:31,950 - C:\Users\22833\AppData\Local\Programs\Python\Python35\lib\site-packages\urllib3\connectionpool.py[line:813] - DEBUG: Starting new HTTPS connection (1): nls-gateway.cn-shanghai.aliyuncs.com:443
2020-06-11 23:01:32,247 - C:\Users\22833\AppData\Local\Programs\Python\Python35\lib\site-packages\urllib3\connectionpool.py[line:393] - DEBUG: https://nls-gateway.cn-shanghai.aliyuncs.com:443 "GET /stream/v1/tts?appkey=VNSQETOK5RRVSeRH&token=5ed6c3da81644f6cbd16927679ef3a85&text=%E4%BD%A0%E5%A5%BD HTTP/1.1" 200 22720
2020-06-11 23:01:32,294 - C:\Users\22833\AppData\Local\Programs\Python\Python35\lib\site-packages\urllib3\connectionpool.py[line:813] - DEBUG: Starting new HTTPS connection (1): nls-gateway.cn-shanghai.aliyuncs.com:443
2020-06-11 23:01:33,833 - C:\Users\22833\AppData\Local\Programs\Python\Python35\lib\site-packages\urllib3\connectionpool.py[line:393] - DEBUG: https://nls-gateway.cn-shanghai.aliyuncs.com:443 "GET /stream/v1/tts?appkey=VNSQETOK5RRVSeRH&token=5ed6c3da81644f6cbd16927679ef3a85&format=mp3&voice=Aixia&speech_rate=-100&volume=100&text=%E6%98%AF%E8%BF%99%E6%A0%B7%E7%9A%84%EF%BC%8C%E6%AC%A0%E6%AC%BE%E7%9B%B8%E5%85%B3%E7%9A%84%E6%83%85%E5%86%B5%E5%91%A2%EF%BC%8C%E5%8F%AF%E4%BB%A5%E5%9C%A8%E6%82%A8%E7%9A%84%E6%94%AF%E4%BB%98%E5%AE%9D%E6%9F%A5%E7%9C%8B%EF%BC%8C%E6%82%A8%E8%AE%B0%E5%BE%97%E5%A4%84%E7%90%86%E4%B8%80%E4%B8%8B%E8%BF%99%E4%B8%AA%E4%BA%8B%E6%83%85%E3%80%82 HTTP/1.1" 200 24768
2020-06-11 23:01:33,881 - D:\python Projects\SophomoreProjects\voice_assistant\voiceComposeByUrl.py[line:48] - INFO: 状态码: 200
2020-06-11 23:01:33,881 - D:\python Projects\SophomoreProjects\voice_assistant\voiceComposeByUrl.py[line:61] - INFO: 正在下载:AUDIO_2020611_23131_0.mp3

2020-06-11 23:01:35,502 - D:\python Projects\SophomoreProjects\voice_assistant\voiceComposeByUrl.py[line:63] - INFO: AUDIO_2020611_23131_0.mp3下载完成!!!!!!!!!
2020-06-11 23:01:35,502 - D:/python Projects/SophomoreProjects/voice_assistant/GUI.py[line:139] - INFO: success
2020-06-11 23:01:36,747 - D:/python Projects/SophomoreProjects/voice_assistant/GUI.py[line:151] - INFO: 音频合成成功
2020-06-11 23:05:49,184 - D:/python Projects/SophomoreProjects/voice_assistant/GUI.py[line:825] - INFO: **************************************开始记录**************************************
2020-06-11 23:05:49,643 - D:/python Projects/SophomoreProjects/voice_assistant/GUI.py[line:288] - INFO: 读取json语音合成历史信息成功
2020-06-11 23:06:07,404 - D:/python Projects/SophomoreProjects/voice_assistant/GUI.py[line:180] - INFO: appkey = VNSQETOK5RRVSeRH
2020-06-11 23:06:07,404 - D:/python Projects/SophomoreProjects/voice_assistant/GUI.py[line:181] - INFO: token = 5ed6c3da81644f6cbd16927679ef3a85
2020-06-11 23:06:07,404 - D:/python Projects/SophomoreProjects/voice_assistant/GUI.py[line:182] - INFO: speech_rate = -100
2020-06-11 23:06:07,404 - D:/python Projects/SophomoreProjects/voice_assistant/GUI.py[line:183] - INFO: volume = 100
2020-06-11 23:06:07,404 - D:/python Projects/SophomoreProjects/voice_assistant/GUI.py[line:184] - INFO: file_name = AUDIO_2020611_2367_
2020-06-11 23:06:07,404 - D:/python Projects/SophomoreProjects/voice_assistant/GUI.py[line:185] - INFO: text = 岁月匆匆而过，悄悄回首，我已走进小学生活近六年了，念及往事，不生唏嘘。那人生道路上的无数个第一次就像波涛起伏的海浪，荡漾在我的心头。是那样的亲切而有熟悉，又是那样的美好而和谐。第一次上台表演的经历就一直使我不能忘怀。那是我在五岁第一次上台时，在上台前，我的心忐忑不安，总是无法调整出好的情绪。开始表演了，强烈的镁光灯直射下来，就像一双犀利的眼睛，盯着我喘不过气来。我就更紧张了。当我看到台下这么多人的目光聚集在我的身上，原来就担心的我一下子忘了自己的动作，傻呆呆的站在幕布旁。那一刹那，我听到的音乐就像奔驰的野马，嗡嗡作响；镁光灯则是一把锋利而尖锐的箭，射进了我的内心深处。好在这时，老师在幕布旁不断地鼓励我，小声地说：“你一定能行！”我深深的吸了一口气，很快镇静下来。我微笑着自信地走上了舞台。一上台，我就好像置于一池碧水中，身体变得那样的舒展，跳的每一个动作都是那么娴熟而自然。那音乐如潺潺的溪水，镁光灯也如正午的暖阳。我的舞姿犹如一只傲气的白天鹅在湖面上游动；又像一缕纯洁的阳光，干净而温暖；更像一直蓬勃的向日葵，正努力地向上生长。终于，我在观众们的掌声中退了场。事后，我一直在想：有自信不一定能成功。但是，如果你充满自信，就有成功的希望。自信是飞向蓝天的翅膀，是航行的船桨。在任何时候，自信都会助你一臂之力，助你到达成功的彼岸。让自己成为一个充满自信的人吧！我爱第一次，他教会了我成功的秘笈：充满自信，挑战自信。
2020-06-11 23:06:07,404 - D:/python Projects/SophomoreProjects/voice_assistant/GUI.py[line:186] - INFO: format = mp3
2020-06-11 23:06:07,405 - D:/python Projects/SophomoreProjects/voice_assistant/GUI.py[line:187] - INFO: voice = 艾夏__Aixia
2020-06-11 23:06:07,405 - D:/python Projects/SophomoreProjects/voice_assistant/GUI.py[line:188] - INFO: 参数填写完毕
2020-06-11 23:06:07,405 - D:/python Projects/SophomoreProjects/voice_assistant/GUI.py[line:190] - INFO: 写入json文件信息成功
2020-06-11 23:06:07,408 - C:\Users\22833\AppData\Local\Programs\Python\Python35\lib\site-packages\urllib3\connectionpool.py[line:813] - DEBUG: Starting new HTTPS connection (1): www.baidu.com:443
2020-06-11 23:06:08,669 - C:\Users\22833\AppData\Local\Programs\Python\Python35\lib\site-packages\urllib3\connectionpool.py[line:393] - DEBUG: https://www.baidu.com:443 "GET / HTTP/1.1" 200 None
2020-06-11 23:06:08,672 - C:\Users\22833\AppData\Local\Programs\Python\Python35\lib\site-packages\urllib3\connectionpool.py[line:813] - DEBUG: Starting new HTTPS connection (1): nls-gateway.cn-shanghai.aliyuncs.com:443
2020-06-11 23:06:08,987 - C:\Users\22833\AppData\Local\Programs\Python\Python35\lib\site-packages\urllib3\connectionpool.py[line:393] - DEBUG: https://nls-gateway.cn-shanghai.aliyuncs.com:443 "GET /stream/v1/tts?appkey=VNSQETOK5RRVSeRH&token=5ed6c3da81644f6cbd16927679ef3a85&text=%E4%BD%A0%E5%A5%BD HTTP/1.1" 200 22720
2020-06-11 23:06:09,540 - C:\Users\22833\AppData\Local\Programs\Python\Python35\lib\site-packages\urllib3\connectionpool.py[line:813] - DEBUG: Starting new HTTPS connection (1): nls-gateway.cn-shanghai.aliyuncs.com:443
2020-06-11 23:06:09,541 - C:\Users\22833\AppData\Local\Programs\Python\Python35\lib\site-packages\urllib3\connectionpool.py[line:813] - DEBUG: Starting new HTTPS connection (1): nls-gateway.cn-shanghai.aliyuncs.com:443
2020-06-11 23:06:19,705 - C:\Users\22833\AppData\Local\Programs\Python\Python35\lib\site-packages\urllib3\connectionpool.py[line:393] - DEBUG: https://nls-gateway.cn-shanghai.aliyuncs.com:443 "GET /stream/v1/tts?appkey=VNSQETOK5RRVSeRH&token=5ed6c3da81644f6cbd16927679ef3a85&format=mp3&voice=Aixia&speech_rate=-100&volume=100&text=%E5%A5%BD%E5%9C%A8%E8%BF%99%E6%97%B6%EF%BC%8C%E8%80%81%E5%B8%88%E5%9C%A8%E5%B9%95%E5%B8%83%E6%97%81%E4%B8%8D%E6%96%AD%E5%9C%B0%E9%BC%93%E5%8A%B1%E6%88%91%EF%BC%8C%E5%B0%8F%E5%A3%B0%E5%9C%B0%E8%AF%B4%EF%BC%9A%E2%80%9C%E4%BD%A0%E4%B8%80%E5%AE%9A%E8%83%BD%E8%A1%8C%EF%BC%81%E2%80%9D%E6%88%91%E6%B7%B1%E6%B7%B1%E7%9A%84%E5%90%B8%E4%BA%86%E4%B8%80%E5%8F%A3%E6%B0%94%EF%BC%8C%E5%BE%88%E5%BF%AB%E9%95%87%E9%9D%99%E4%B8%8B%E6%9D%A5%E3%80%82%E6%88%91%E5%BE%AE%E7%AC%91%E7%9D%80%E8%87%AA%E4%BF%A1%E5%9C%B0%E8%B5%B0%E4%B8%8A%E4%BA%86%E8%88%9E%E5%8F%B0%E3%80%82%E4%B8%80%E4%B8%8A%E5%8F%B0%EF%BC%8C%E6%88%91%E5%B0%B1%E5%A5%BD%E5%83%8F%E7%BD%AE%E4%BA%8E%E4%B8%80%E6%B1%A0%E7%A2%A7%E6%B0%B4%E4%B8%AD%EF%BC%8C%E8%BA%AB%E4%BD%93%E5%8F%98%E5%BE%97%E9%82%A3%E6%A0%B7%E7%9A%84%E8%88%92%E5%B1%95%EF%BC%8C%E8%B7%B3%E7%9A%84%E6%AF%8F%E4%B8%80%E4%B8%AA%E5%8A%A8%E4%BD%9C%E9%83%BD%E6%98%AF%E9%82%A3%E4%B9%88%E5%A8%B4%E7%86%9F%E8%80%8C%E8%87%AA%E7%84%B6%E3%80%82%E9%82%A3%E9%9F%B3%E4%B9%90%E5%A6%82%E6%BD%BA%E6%BD%BA%E7%9A%84%E6%BA%AA%E6%B0%B4%EF%BC%8C%E9%95%81%E5%85%89%E7%81%AF%E4%B9%9F%E5%A6%82%E6%AD%A3%E5%8D%88%E7%9A%84%E6%9A%96%E9%98%B3%E3%80%82%E6%88%91%E7%9A%84%E8%88%9E%E5%A7%BF%E7%8A%B9%E5%A6%82%E4%B8%80%E5%8F%AA%E5%82%B2%E6%B0%94%E7%9A%84%E7%99%BD%E5%A4%A9%E9%B9%85%E5%9C%A8%E6%B9%96%E9%9D%A2%E4%B8%8A%E6%B8%B8%E5%8A%A8%EF%BC%9B%E5%8F%88%E5%83%8F%E4%B8%80%E7%BC%95%E7%BA%AF%E6%B4%81%E7%9A%84%E9%98%B3%E5%85%89%EF%BC%8C%E5%B9%B2%E5%87%80%E8%80%8C%E6%B8%A9%E6%9A%96%EF%BC%9B%E6%9B%B4%E5%83%8F%E4%B8%80%E7%9B%B4%E8%93%AC%E5%8B%83%E7%9A%84%E5%90%91%E6%97%A5%E8%91%B5%EF%BC%8C%E6%AD%A3%E5%8A%AA%E5%8A%9B%E5%9C%B0%E5%90%91%E4%B8%8A%E7%94%9F%E9%95%BF%E3%80%82%E7%BB%88%E4%BA%8E%EF%BC%8C%E6%88%91%E5%9C%A8%E8%A7%82%E4%BC%97%E4%BB%AC%E7%9A%84%E6%8E%8C%E5%A3%B0%E4%B8%AD%E9%80%80%E4%BA%86%E5%9C%BA%E3%80%82%E4%BA%8B%E5%90%8E%EF%BC%8C%E6%88%91%E4%B8%80%E7%9B%B4%E5%9C%A8%E6%83%B3%EF%BC%9A%E6%9C%89%E8%87%AA%E4%BF%A1%E4%B8%8D%E4%B8%80%E5%AE%9A%E8%83%BD%E6%88%90%E5%8A%9F%E3%80%82%E4%BD%86%E6%98%AF%EF%BC%8C%E5%A6%82%E6%9E%9C%E4%BD%A0%E5%85%85%E6%BB%A1%E8%87%AA%E4%BF%A1%EF%BC%8C%E5%B0%B1%E6%9C%89%E6%88%90%E5%8A%9F%E7%9A%84%E5%B8%8C%E6%9C%9B%E3%80%82%E8%87%AA%E4%BF%A1%E6%98%AF%E9%A3%9E%E5%90%91%E8%93%9D%E5%A4%A9%E7%9A%84%E7%BF%85%E8%86%80%EF%BC%8C%E6%98%AF%E8%88%AA%E8%A1%8C%E7%9A%84%E8%88%B9%E6%A1%A8%E3%80%82%E5%9C%A8%E4%BB%BB%E4%BD%95%E6%97%B6%E5%80%99%EF%BC%8C%E8%87%AA%E4%BF%A1%E9%83%BD%E4%BC%9A%E5%8A%A9%E4%BD%A0%E4%B8%80%E8%87%82%E4%B9%8B%E5%8A%9B%EF%BC%8C%E5%8A%A9%E4%BD%A0%E5%88%B0%E8%BE%BE%E6%88%90%E5%8A%9F%E7%9A%84%E5%BD%BC%E5%B2%B8%E3%80%82 HTTP/1.1" 200 202320
2020-06-11 23:06:20,365 - D:\python Projects\SophomoreProjects\voice_assistant\voiceComposeByUrl.py[line:48] - INFO: 状态码: 200
2020-06-11 23:06:20,365 - D:\python Projects\SophomoreProjects\voice_assistant\voiceComposeByUrl.py[line:61] - INFO: 正在下载:AUDIO_2020611_2367_1.mp3

2020-06-11 23:06:21,583 - C:\Users\22833\AppData\Local\Programs\Python\Python35\lib\site-packages\urllib3\connectionpool.py[line:393] - DEBUG: https://nls-gateway.cn-shanghai.aliyuncs.com:443 "GET /stream/v1/tts?appkey=VNSQETOK5RRVSeRH&token=5ed6c3da81644f6cbd16927679ef3a85&format=mp3&voice=Aixia&speech_rate=-100&volume=100&text=%E5%B2%81%E6%9C%88%E5%8C%86%E5%8C%86%E8%80%8C%E8%BF%87%EF%BC%8C%E6%82%84%E6%82%84%E5%9B%9E%E9%A6%96%EF%BC%8C%E6%88%91%E5%B7%B2%E8%B5%B0%E8%BF%9B%E5%B0%8F%E5%AD%A6%E7%94%9F%E6%B4%BB%E8%BF%91%E5%85%AD%E5%B9%B4%E4%BA%86%EF%BC%8C%E5%BF%B5%E5%8F%8A%E5%BE%80%E4%BA%8B%EF%BC%8C%E4%B8%8D%E7%94%9F%E5%94%8F%E5%98%98%E3%80%82%E9%82%A3%E4%BA%BA%E7%94%9F%E9%81%93%E8%B7%AF%E4%B8%8A%E7%9A%84%E6%97%A0%E6%95%B0%E4%B8%AA%E7%AC%AC%E4%B8%80%E6%AC%A1%E5%B0%B1%E5%83%8F%E6%B3%A2%E6%B6%9B%E8%B5%B7%E4%BC%8F%E7%9A%84%E6%B5%B7%E6%B5%AA%EF%BC%8C%E8%8D%A1%E6%BC%BE%E5%9C%A8%E6%88%91%E7%9A%84%E5%BF%83%E5%A4%B4%E3%80%82%E6%98%AF%E9%82%A3%E6%A0%B7%E7%9A%84%E4%BA%B2%E5%88%87%E8%80%8C%E6%9C%89%E7%86%9F%E6%82%89%EF%BC%8C%E5%8F%88%E6%98%AF%E9%82%A3%E6%A0%B7%E7%9A%84%E7%BE%8E%E5%A5%BD%E8%80%8C%E5%92%8C%E8%B0%90%E3%80%82%E7%AC%AC%E4%B8%80%E6%AC%A1%E4%B8%8A%E5%8F%B0%E8%A1%A8%E6%BC%94%E7%9A%84%E7%BB%8F%E5%8E%86%E5%B0%B1%E4%B8%80%E7%9B%B4%E4%BD%BF%E6%88%91%E4%B8%8D%E8%83%BD%E5%BF%98%E6%80%80%E3%80%82%E9%82%A3%E6%98%AF%E6%88%91%E5%9C%A8%E4%BA%94%E5%B2%81%E7%AC%AC%E4%B8%80%E6%AC%A1%E4%B8%8A%E5%8F%B0%E6%97%B6%EF%BC%8C%E5%9C%A8%E4%B8%8A%E5%8F%B0%E5%89%8D%EF%BC%8C%E6%88%91%E7%9A%84%E5%BF%83%E5%BF%90%E5%BF%91%E4%B8%8D%E5%AE%89%EF%BC%8C%E6%80%BB%E6%98%AF%E6%97%A0%E6%B3%95%E8%B0%83%E6%95%B4%E5%87%BA%E5%A5%BD%E7%9A%84%E6%83%85%E7%BB%AA%E3%80%82%E5%BC%80%E5%A7%8B%E8%A1%A8%E6%BC%94%E4%BA%86%EF%BC%8C%E5%BC%BA%E7%83%88%E7%9A%84%E9%95%81%E5%85%89%E7%81%AF%E7%9B%B4%E5%B0%84%E4%B8%8B%E6%9D%A5%EF%BC%8C%E5%B0%B1%E5%83%8F%E4%B8%80%E5%8F%8C%E7%8A%80%E5%88%A9%E7%9A%84%E7%9C%BC%E7%9D%9B%EF%BC%8C%E7%9B%AF%E7%9D%80%E6%88%91%E5%96%98%E4%B8%8D%E8%BF%87%E6%B0%94%E6%9D%A5%E3%80%82%E6%88%91%E5%B0%B1%E6%9B%B4%E7%B4%A7%E5%BC%A0%E4%BA%86%E3%80%82%E5%BD%93%E6%88%91%E7%9C%8B%E5%88%B0%E5%8F%B0%E4%B8%8B%E8%BF%99%E4%B9%88%E5%A4%9A%E4%BA%BA%E7%9A%84%E7%9B%AE%E5%85%89%E8%81%9A%E9%9B%86%E5%9C%A8%E6%88%91%E7%9A%84%E8%BA%AB%E4%B8%8A%EF%BC%8C%E5%8E%9F%E6%9D%A5%E5%B0%B1%E6%8B%85%E5%BF%83%E7%9A%84%E6%88%91%E4%B8%80%E4%B8%8B%E5%AD%90%E5%BF%98%E4%BA%86%E8%87%AA%E5%B7%B1%E7%9A%84%E5%8A%A8%E4%BD%9C%EF%BC%8C%E5%82%BB%E5%91%86%E5%91%86%E7%9A%84%E7%AB%99%E5%9C%A8%E5%B9%95%E5%B8%83%E6%97%81%E3%80%82%E9%82%A3%E4%B8%80%E5%88%B9%E9%82%A3%EF%BC%8C%E6%88%91%E5%90%AC%E5%88%B0%E7%9A%84%E9%9F%B3%E4%B9%90%E5%B0%B1%E5%83%8F%E5%A5%94%E9%A9%B0%E7%9A%84%E9%87%8E%E9%A9%AC%EF%BC%8C%E5%97%A1%E5%97%A1%E4%BD%9C%E5%93%8D%EF%BC%9B%E9%95%81%E5%85%89%E7%81%AF%E5%88%99%E6%98%AF%E4%B8%80%E6%8A%8A%E9%94%8B%E5%88%A9%E8%80%8C%E5%B0%96%E9%94%90%E7%9A%84%E7%AE%AD%EF%BC%8C%E5%B0%84%E8%BF%9B%E4%BA%86%E6%88%91%E7%9A%84%E5%86%85%E5%BF%83%E6%B7%B1%E5%A4%84%E3%80%82 HTTP/1.1" 200 206352
2020-06-11 23:06:22,233 - D:\python Projects\SophomoreProjects\voice_assistant\voiceComposeByUrl.py[line:48] - INFO: 状态码: 200
2020-06-11 23:06:22,233 - D:\python Projects\SophomoreProjects\voice_assistant\voiceComposeByUrl.py[line:61] - INFO: 正在下载:AUDIO_2020611_2367_0.mp3

2020-06-11 23:06:30,557 - D:\python Projects\SophomoreProjects\voice_assistant\voiceComposeByUrl.py[line:63] - INFO: AUDIO_2020611_2367_1.mp3下载完成!!!!!!!!!
2020-06-11 23:06:31,059 - C:\Users\22833\AppData\Local\Programs\Python\Python35\lib\site-packages\urllib3\connectionpool.py[line:813] - DEBUG: Starting new HTTPS connection (1): nls-gateway.cn-shanghai.aliyuncs.com:443
2020-06-11 23:06:32,631 - C:\Users\22833\AppData\Local\Programs\Python\Python35\lib\site-packages\urllib3\connectionpool.py[line:393] - DEBUG: https://nls-gateway.cn-shanghai.aliyuncs.com:443 "GET /stream/v1/tts?appkey=VNSQETOK5RRVSeRH&token=5ed6c3da81644f6cbd16927679ef3a85&format=mp3&voice=Aixia&speech_rate=-100&volume=100&text=%E8%AE%A9%E8%87%AA%E5%B7%B1%E6%88%90%E4%B8%BA%E4%B8%80%E4%B8%AA%E5%85%85%E6%BB%A1%E8%87%AA%E4%BF%A1%E7%9A%84%E4%BA%BA%E5%90%A7%EF%BC%81%E6%88%91%E7%88%B1%E7%AC%AC%E4%B8%80%E6%AC%A1%EF%BC%8C%E4%BB%96%E6%95%99%E4%BC%9A%E4%BA%86%E6%88%91%E6%88%90%E5%8A%9F%E7%9A%84%E7%A7%98%E7%AC%88%EF%BC%9A%E5%85%85%E6%BB%A1%E8%87%AA%E4%BF%A1%EF%BC%8C%E6%8C%91%E6%88%98%E8%87%AA%E4%BF%A1%E3%80%82 HTTP/1.1" 200 29088
2020-06-11 23:06:32,719 - D:\python Projects\SophomoreProjects\voice_assistant\voiceComposeByUrl.py[line:48] - INFO: 状态码: 200
2020-06-11 23:06:32,719 - D:\python Projects\SophomoreProjects\voice_assistant\voiceComposeByUrl.py[line:61] - INFO: 正在下载:AUDIO_2020611_2367_2.mp3

2020-06-11 23:06:33,029 - D:\python Projects\SophomoreProjects\voice_assistant\voiceComposeByUrl.py[line:63] - INFO: AUDIO_2020611_2367_0.mp3下载完成!!!!!!!!!
2020-06-11 23:06:34,487 - D:\python Projects\SophomoreProjects\voice_assistant\voiceComposeByUrl.py[line:63] - INFO: AUDIO_2020611_2367_2.mp3下载完成!!!!!!!!!
2020-06-11 23:06:34,487 - D:/python Projects/SophomoreProjects/voice_assistant/GUI.py[line:139] - INFO: success
2020-06-11 23:06:37,674 - D:/python Projects/SophomoreProjects/voice_assistant/GUI.py[line:151] - INFO: 音频合成成功
2020-06-12 10:45:56,299 - D:/python Projects/SophomoreProjects/voice_assistant/GUI.py[line:825] - INFO: **************************************开始记录**************************************
2020-06-12 10:45:57,551 - D:/python Projects/SophomoreProjects/voice_assistant/GUI.py[line:288] - INFO: 读取json语音合成历史信息成功
2020-06-12 10:46:51,806 - D:/python Projects/SophomoreProjects/voice_assistant/GUI.py[line:825] - INFO: **************************************开始记录**************************************
2020-06-12 10:46:52,238 - D:/python Projects/SophomoreProjects/voice_assistant/GUI.py[line:288] - INFO: 读取json语音合成历史信息成功
2020-06-12 14:57:50,695 - D:/python Projects/SophomoreProjects/voice_assistant/GUI.py[line:825] - INFO: **************************************开始记录**************************************
2020-06-12 14:57:51,512 - D:/python Projects/SophomoreProjects/voice_assistant/GUI.py[line:288] - INFO: 读取json语音合成历史信息成功
2020-06-12 15:08:03,379 - D:/python Projects/SophomoreProjects/voice_assistant/GUI.py[line:827] - INFO: **************************************开始记录**************************************
2020-06-12 15:08:03,869 - D:/python Projects/SophomoreProjects/voice_assistant/GUI.py[line:288] - INFO: 读取json语音合成历史信息成功
2020-06-12 15:08:37,042 - D:/python Projects/SophomoreProjects/voice_assistant/GUI.py[line:827] - INFO: **************************************开始记录**************************************
2020-06-12 15:08:37,537 - D:/python Projects/SophomoreProjects/voice_assistant/GUI.py[line:288] - INFO: 读取json语音合成历史信息成功
2020-06-12 15:10:24,455 - D:/python Projects/SophomoreProjects/voice_assistant/GUI.py[line:827] - INFO: **************************************开始记录**************************************
2020-06-12 15:10:25,013 - D:/python Projects/SophomoreProjects/voice_assistant/GUI.py[line:288] - INFO: 读取json语音合成历史信息成功
2020-06-12 15:13:36,163 - D:/python Projects/SophomoreProjects/voice_assistant/GUI.py[line:829] - INFO: **************************************开始记录**************************************
2020-06-12 15:13:36,657 - D:/python Projects/SophomoreProjects/voice_assistant/GUI.py[line:288] - INFO: 读取json语音合成历史信息成功
2020-06-12 15:13:51,229 - D:/python Projects/SophomoreProjects/voice_assistant/GUI.py[line:829] - INFO: **************************************开始记录**************************************
2020-06-12 15:13:51,690 - D:/python Projects/SophomoreProjects/voice_assistant/GUI.py[line:288] - INFO: 读取json语音合成历史信息成功
